#
# There is insufficient memory for the Java Runtime Environment to continue.
# Native memory allocation (malloc) failed to allocate 1572976 bytes for Chunk::new
# Possible reasons:
#   The system is out of physical RAM or swap space
#   The process is running with CompressedOops enabled, and the Java Heap may be blocking the growth of the native heap
# Possible solutions:
#   Reduce memory load on the system
#   Increase physical memory or swap space
#   Check if swap backing store is full
#   Decrease Java heap size (-Xmx/-Xms)
#   Decrease number of Java threads
#   Decrease Java thread stack sizes (-Xss)
#   Set larger code cache with -XX:ReservedCodeCacheSize=
#   JVM is running with Zero Based Compressed Oops mode in which the Java heap is
#     placed in the first 32GB address space. The Java Heap base address is the
#     maximum limit for the native heap growth. Please use -XX:HeapBaseMinAddress
#     to set the Java Heap base and to place the Java Heap above 32GB virtual address.
# This output file may be truncated or incomplete.
#
#  Out of Memory Error (arena.cpp:168), pid=46756, tid=42276
#
# JRE version: OpenJDK Runtime Environment Temurin-21.0.2+13 (21.0.2+13) (build 21.0.2+13-LTS)
# Java VM: OpenJDK 64-Bit Server VM Temurin-21.0.2+13 (21.0.2+13-LTS, mixed mode, tiered, compressed oops, compressed class ptrs, g1 gc, windows-amd64)
# No core dump will be written. Minidumps are not enabled by default on client versions of Windows
#

---------------  S U M M A R Y ------------

Command Line: -Djpackage.app-version=5.15.60000 --add-exports=javafx.base/com.sun.javafx.event=org.jabref.merged.module --add-exports=javafx.controls/com.sun.javafx.scene.control=org.jabref.merged.module --add-opens=javafx.graphics/javafx.scene=org.jabref.merged.module --add-opens=javafx.controls/javafx.scene.control=org.jabref.merged.module --add-opens=javafx.controls/com.sun.javafx.scene.control=org.jabref.merged.module --add-opens=javafx.controls/javafx.scene.control.skin=org.jabref.merged.module --add-opens=javafx.controls/javafx.scene.control=org.jabref --add-exports=javafx.base/com.sun.javafx.event=org.jabref --add-exports=javafx.controls/com.sun.javafx.scene.control=org.jabref --add-opens=javafx.graphics/javafx.scene=org.jabref --add-opens=javafx.controls/javafx.scene.control=org.jabref --add-opens=javafx.controls/com.sun.javafx.scene.control=org.jabref -Djpackage.app-path=C:\Program Files\JabRef\JabRef.exe -Djdk.module.main=org.jabref org.jabref/org.jabref.Launcher C:\Users\ellio\OneDrive\Documents\GitHub\VBP-by-GA\bib\VBP-refs.bib

Host: 12th Gen Intel(R) Core(TM) i7-12700H, 20 cores, 15G,  Windows 11 , 64 bit Build 26100 (10.0.26100.3323)
Time: Tue Mar  4 18:18:56 2025 FLE elapsed time: 109374.484251 seconds (1d 6h 22m 54s)

---------------  T H R E A D  ---------------

Current thread (0x00000246af1b4200):  JavaThread "C2 CompilerThread0" daemon [_thread_in_native, id=42276, stack(0x00000066f0500000,0x00000066f0600000) (1024K)]


Current CompileTask:
C2:109374484 40050       4       javafx.scene.control.skin.VirtualFlow::scrollPixels (602 bytes)

Stack: [0x00000066f0500000,0x00000066f0600000]
Native frames: (J=compiled Java code, j=interpreted, Vv=VM code, C=native code)
V  [jvm.dll+0x6c94f9]
V  [jvm.dll+0x8a3c21]
V  [jvm.dll+0x8a614e]
V  [jvm.dll+0x8a6823]
V  [jvm.dll+0x27fa86]
V  [jvm.dll+0xc4a2d]
V  [jvm.dll+0xc4f63]
V  [jvm.dll+0x3b3b22]
V  [jvm.dll+0x380575]
V  [jvm.dll+0x37f9da]
V  [jvm.dll+0x247fa0]
V  [jvm.dll+0x24757f]
V  [jvm.dll+0x1c847e]
V  [jvm.dll+0x256db9]
V  [jvm.dll+0x25538a]
V  [jvm.dll+0x3ed0d6]
V  [jvm.dll+0x84cb3b]
V  [jvm.dll+0x6c7c2d]
C  [ucrtbase.dll+0x37b0]
C  [KERNEL32.DLL+0x2e8d7]
C  [ntdll.dll+0xbbf6c]


---------------  P R O C E S S  ---------------

Threads class SMR info:
_java_thread_list=0x00000246b7812130, length=35, elements={
0x000002468b3277b0, 0x00000246af199fc0, 0x00000246af19ca30, 0x00000246af1835b0,
0x00000246af184010, 0x00000246af185020, 0x00000246af1afd10, 0x00000246af1b4200,
0x00000246af1b4ca0, 0x00000246af493890, 0x00000246af6c7d90, 0x00000246afa6dd30,
0x00000246b5caad10, 0x00000246b5ca7890, 0x00000246b5ca7f20, 0x00000246b5ca85b0,
0x00000246b5ca9960, 0x00000246b5ca8c40, 0x00000246b5ca9ff0, 0x00000246b5ca92d0,
0x00000246b6dcb8f0, 0x00000246b6dca540, 0x00000246b6dcabd0, 0x00000246b6dc9190,
0x00000246b6dc8b00, 0x00000246b6dcb260, 0x00000246b6dc8470, 0x00000246b6dcd330,
0x00000246b6dc9eb0, 0x00000246b73235c0, 0x00000246b7325000, 0x00000246b7326a40,
0x00000246b73270d0, 0x00000247171d22e0, 0x00000246b4911130
}

Java Threads: ( => current thread )
  0x000002468b3277b0 JavaThread "main"                              [_thread_blocked, id=21884, stack(0x00000066ef700000,0x00000066ef800000) (1024K)]
  0x00000246af199fc0 JavaThread "Reference Handler"          daemon [_thread_blocked, id=45600, stack(0x00000066eff00000,0x00000066f0000000) (1024K)]
  0x00000246af19ca30 JavaThread "Finalizer"                  daemon [_thread_blocked, id=27940, stack(0x00000066f0000000,0x00000066f0100000) (1024K)]
  0x00000246af1835b0 JavaThread "Signal Dispatcher"          daemon [_thread_blocked, id=37176, stack(0x00000066f0100000,0x00000066f0200000) (1024K)]
  0x00000246af184010 JavaThread "Attach Listener"            daemon [_thread_blocked, id=13132, stack(0x00000066f0200000,0x00000066f0300000) (1024K)]
  0x00000246af185020 JavaThread "Service Thread"             daemon [_thread_blocked, id=41600, stack(0x00000066f0300000,0x00000066f0400000) (1024K)]
  0x00000246af1afd10 JavaThread "Monitor Deflation Thread"   daemon [_thread_blocked, id=16200, stack(0x00000066f0400000,0x00000066f0500000) (1024K)]
=>0x00000246af1b4200 JavaThread "C2 CompilerThread0"         daemon [_thread_in_native, id=42276, stack(0x00000066f0500000,0x00000066f0600000) (1024K)]
  0x00000246af1b4ca0 JavaThread "C1 CompilerThread0"         daemon [_thread_blocked, id=47092, stack(0x00000066f0600000,0x00000066f0700000) (1024K)]
  0x00000246af493890 JavaThread "Common-Cleaner"             daemon [_thread_blocked, id=36888, stack(0x00000066f0800000,0x00000066f0900000) (1024K)]
  0x00000246af6c7d90 JavaThread "Notification Thread"        daemon [_thread_blocked, id=24104, stack(0x00000066f0900000,0x00000066f0a00000) (1024K)]
  0x00000246afa6dd30 JavaThread "JNA Cleaner"                daemon [_thread_blocked, id=9604, stack(0x00000066f0a00000,0x00000066f0b00000) (1024K)]
  0x00000246b5caad10 JavaThread "timer"                      daemon [_thread_blocked, id=36176, stack(0x00000066f2600000,0x00000066f2700000) (1024K)]
  0x00000246b5ca7890 JavaThread "FileUpdateMonitor"                 [_thread_blocked, id=35184, stack(0x00000066f2700000,0x00000066f2800000) (1024K)]
  0x00000246b5ca7f20 JavaThread "Thread-4"                          [_thread_blocked, id=15404, stack(0x00000066f2800000,0x00000066f2900000) (1024K)]
  0x00000246b5ca85b0 JavaThread "FileSystemWatchService"     daemon [_thread_in_native, id=9152, stack(0x00000066f2900000,0x00000066f2a00000) (1024K)]
  0x00000246b5ca9960 JavaThread "JavaFX-Launcher"                   [_thread_blocked, id=47996, stack(0x00000066f2a00000,0x00000066f2b00000) (1024K)]
  0x00000246b5ca8c40 JavaThread "QuantumRenderer-0"          daemon [_thread_blocked, id=40668, stack(0x00000066f1e00000,0x00000066f1f00000) (1024K)]
  0x00000246b5ca9ff0 JavaThread "InvokeLaterDispatcher"      daemon [_thread_blocked, id=37496, stack(0x00000066f1b00000,0x00000066f1c00000) (1024K)]
  0x00000246b5ca92d0 JavaThread "JavaFX Application Thread"         [_thread_in_native, id=31064, stack(0x00000066f0b00000,0x00000066f0c00000) (1024K)]
  0x00000246b6dcb8f0 JavaThread "Thread-7"                   daemon [_thread_in_native, id=37280, stack(0x00000066f1c00000,0x00000066f1d00000) (1024K)]
  0x00000246b6dca540 JavaThread "Java2D Disposer"            daemon [_thread_blocked, id=47636, stack(0x00000066f1d00000,0x00000066f1e00000) (1024K)]
  0x00000246b6dcabd0 JavaThread "AWT-Windows"                daemon [_thread_in_native, id=47820, stack(0x00000066f2b00000,0x00000066f2c00000) (1024K)]
  0x00000246b6dc9190 JavaThread "Prism Font Disposer"        daemon [_thread_blocked, id=4292, stack(0x00000066f1f00000,0x00000066f2000000) (1024K)]
  0x00000246b6dc8b00 JavaThread "Disposer"                   daemon [_thread_blocked, id=18148, stack(0x00000066f0d00000,0x00000066f0e00000) (1024K)]
  0x00000246b6dcb260 JavaThread "pool-2-thread-1"                   [_thread_blocked, id=22212, stack(0x00000066f2e00000,0x00000066f2f00000) (1024K)]
  0x00000246b6dc8470 JavaThread "pool-2-thread-2"                   [_thread_blocked, id=47908, stack(0x00000066f2f00000,0x00000066f3000000) (1024K)]
  0x00000246b6dcd330 JavaThread "pool-2-thread-3"                   [_thread_blocked, id=37556, stack(0x00000066f3000000,0x00000066f3100000) (1024K)]
  0x00000246b6dc9eb0 JavaThread "Cleaner-0"                  daemon [_thread_blocked, id=30572, stack(0x00000066f3700000,0x00000066f3800000) (1024K)]
  0x00000246b73235c0 JavaThread "JabRef - Remote Listener Server on port 6050"        [_thread_in_native, id=45412, stack(0x00000066f2d00000,0x00000066f2e00000) (1024K)]
  0x00000246b7325000 JavaThread "pool-2-thread-4"                   [_thread_blocked, id=45392, stack(0x00000066f4000000,0x00000066f4100000) (1024K)]
  0x00000246b7326a40 JavaThread "pool-2-thread-5"                   [_thread_blocked, id=41188, stack(0x00000066f4100000,0x00000066f4200000) (1024K)]
  0x00000246b73270d0 JavaThread "pool-5-thread-1"                   [_thread_blocked, id=45584, stack(0x00000066f4200000,0x00000066f4300000) (1024K)]
  0x00000247171d22e0 JavaThread "pool-5-thread-2"                   [_thread_blocked, id=25680, stack(0x00000066f0e00000,0x00000066f0f00000) (1024K)]
  0x00000246b4911130 JavaThread "Keep-Alive-Timer"           daemon [_thread_blocked, id=33396, stack(0x00000066f3b00000,0x00000066f3c00000) (1024K)]
Total: 35

Other Threads:
  0x00000246ae921a40 VMThread "VM Thread"                           [id=7348, stack(0x00000066efe00000,0x00000066eff00000) (1024K)]
  0x00000246ae913b90 WatcherThread "VM Periodic Task Thread"        [id=37984, stack(0x00000066efd00000,0x00000066efe00000) (1024K)]
  0x000002468b38cf20 WorkerThread "GC Thread#0"                     [id=38064, stack(0x00000066ef800000,0x00000066ef900000) (1024K)]
  0x00000246b43850e0 WorkerThread "GC Thread#1"                     [id=16712, stack(0x00000066f1000000,0x00000066f1100000) (1024K)]
  0x00000246b4385480 WorkerThread "GC Thread#2"                     [id=18692, stack(0x00000066f1100000,0x00000066f1200000) (1024K)]
  0x00000246afc48ea0 WorkerThread "GC Thread#3"                     [id=42844, stack(0x00000066f1200000,0x00000066f1300000) (1024K)]
  0x00000246afc49240 WorkerThread "GC Thread#4"                     [id=26236, stack(0x00000066f1300000,0x00000066f1400000) (1024K)]
  0x00000246b43863c0 WorkerThread "GC Thread#5"                     [id=47644, stack(0x00000066f1400000,0x00000066f1500000) (1024K)]
  0x00000246b447d760 WorkerThread "GC Thread#6"                     [id=29984, stack(0x00000066f1500000,0x00000066f1600000) (1024K)]
  0x00000246b443cb20 WorkerThread "GC Thread#7"                     [id=32836, stack(0x00000066f1600000,0x00000066f1700000) (1024K)]
  0x00000246b443cec0 WorkerThread "GC Thread#8"                     [id=41372, stack(0x00000066f1700000,0x00000066f1800000) (1024K)]
  0x00000246b436bbf0 WorkerThread "GC Thread#9"                     [id=10556, stack(0x00000066f1800000,0x00000066f1900000) (1024K)]
  0x00000246b44fcfc0 WorkerThread "GC Thread#10"                    [id=26604, stack(0x00000066f1900000,0x00000066f1a00000) (1024K)]
  0x00000246b44fc4e0 WorkerThread "GC Thread#11"                    [id=2648, stack(0x00000066f1a00000,0x00000066f1b00000) (1024K)]
  0x00000246b44fd360 WorkerThread "GC Thread#12"                    [id=36992, stack(0x00000066f2000000,0x00000066f2100000) (1024K)]
  0x00000246b44fcc20 WorkerThread "GC Thread#13"                    [id=17568, stack(0x00000066f2100000,0x00000066f2200000) (1024K)]
  0x00000246b44fc880 WorkerThread "GC Thread#14"                    [id=25996, stack(0x00000066f2200000,0x00000066f2300000) (1024K)]
  0x000002468b39f060 ConcurrentGCThread "G1 Main Marker"            [id=45444, stack(0x00000066ef900000,0x00000066efa00000) (1024K)]
  0x000002468b39fb60 WorkerThread "G1 Conc#0"                       [id=40752, stack(0x00000066efa00000,0x00000066efb00000) (1024K)]
  0x00000246b44fbda0 WorkerThread "G1 Conc#1"                       [id=45408, stack(0x00000066f2300000,0x00000066f2400000) (1024K)]
  0x00000246b44fc140 WorkerThread "G1 Conc#2"                       [id=27304, stack(0x00000066f2400000,0x00000066f2500000) (1024K)]
  0x00000246b6f84d70 WorkerThread "G1 Conc#3"                       [id=43172, stack(0x00000066f2500000,0x00000066f2600000) (1024K)]
  0x00000246ae7daf80 ConcurrentGCThread "G1 Refine#0"               [id=36860, stack(0x00000066efb00000,0x00000066efc00000) (1024K)]
  0x00000246ae7dc9a0 ConcurrentGCThread "G1 Service"                [id=19252, stack(0x00000066efc00000,0x00000066efd00000) (1024K)]
Total: 24

Threads with active compile tasks:
C2 CompilerThread0  109374526 40050       4       javafx.scene.control.skin.VirtualFlow::scrollPixels (602 bytes)
Total: 1

VM state: not at safepoint (normal execution)

VM Mutex/Monitor currently owned by a thread: None

Heap address: 0x0000000704c00000, size: 4020 MB, Compressed Oops mode: Zero based, Oop shift amount: 3

CDS archive(s) not mapped
Compressed class space mapped at: 0x0000000800000000-0x0000000840000000, reserved size: 1073741824
Narrow klass base: 0x0000000800000000, Narrow klass shift: 0, Narrow klass range: 0x40000000

GC Precious Log:
 CardTable entry size: 512
 Card Set container configuration: InlinePtr #cards 4 size 8 Array Of Cards #cards 16 size 48 Howl #buckets 8 coarsen threshold 3686 Howl Bitmap #cards 512 size 80 coarsen threshold 460 Card regions per heap region 1 cards per card region 4096
 CPUs: 20 total, 20 available
 Memory: 16074M
 Large Page Support: Disabled
 NUMA Support: Disabled
 Compressed Oops: Enabled (Zero based)
 Heap Region Size: 2M
 Heap Min Capacity: 8M
 Heap Initial Capacity: 252M
 Heap Max Capacity: 4020M
 Pre-touch: Disabled
 Parallel Workers: 15
 Concurrent Workers: 4
 Concurrent Refinement Workers: 15
 Periodic GC: Disabled

Heap:
 garbage-first heap   total 376832K, used 303014K [0x0000000704c00000, 0x0000000800000000)
  region size 2048K, 96 young (196608K), 7 survivors (14336K)
 Metaspace       used 86131K, committed 86784K, reserved 1179648K
  class space    used 10933K, committed 11200K, reserved 1048576K

Heap Regions: E=young(eden), S=young(survivor), O=old, HS=humongous(starts), HC=humongous(continues), CS=collection set, F=free, TAMS=top-at-mark-start, PB=parsable bottom
|   0|0x0000000704c00000, 0x0000000704e00000, 0x0000000704e00000|100%| O|  |TAMS 0x0000000704c00000| PB 0x0000000704c00000| Untracked 
|   1|0x0000000704e00000, 0x0000000705000000, 0x0000000705000000|100%| O|  |TAMS 0x0000000704e00000| PB 0x0000000704e00000| Untracked 
|   2|0x0000000705000000, 0x0000000705200000, 0x0000000705200000|100%| O|  |TAMS 0x0000000705000000| PB 0x0000000705000000| Untracked 
|   3|0x0000000705200000, 0x0000000705400000, 0x0000000705400000|100%| O|  |TAMS 0x0000000705200000| PB 0x0000000705200000| Untracked 
|   4|0x0000000705400000, 0x0000000705600000, 0x0000000705600000|100%| O|  |TAMS 0x0000000705400000| PB 0x0000000705400000| Untracked 
|   5|0x0000000705600000, 0x0000000705800000, 0x0000000705800000|100%| O|  |TAMS 0x0000000705600000| PB 0x0000000705600000| Untracked 
|   6|0x0000000705800000, 0x0000000705a00000, 0x0000000705a00000|100%| O|  |TAMS 0x0000000705800000| PB 0x0000000705800000| Untracked 
|   7|0x0000000705a00000, 0x0000000705c00000, 0x0000000705c00000|100%| O|  |TAMS 0x0000000705a00000| PB 0x0000000705a00000| Untracked 
|   8|0x0000000705c00000, 0x0000000705e00000, 0x0000000705e00000|100%| O|  |TAMS 0x0000000705c00000| PB 0x0000000705c00000| Untracked 
|   9|0x0000000705e00000, 0x0000000706000000, 0x0000000706000000|100%| O|  |TAMS 0x0000000705e00000| PB 0x0000000705e00000| Untracked 
|  10|0x0000000706000000, 0x0000000706200000, 0x0000000706200000|100%| O|  |TAMS 0x0000000706000000| PB 0x0000000706000000| Untracked 
|  11|0x0000000706200000, 0x0000000706400000, 0x0000000706400000|100%|HS|  |TAMS 0x0000000706200000| PB 0x0000000706200000| Complete 
|  12|0x0000000706400000, 0x0000000706600000, 0x0000000706600000|100%| O|  |TAMS 0x0000000706400000| PB 0x0000000706400000| Untracked 
|  13|0x0000000706600000, 0x0000000706800000, 0x0000000706800000|100%| O|  |TAMS 0x0000000706600000| PB 0x0000000706600000| Untracked 
|  14|0x0000000706800000, 0x0000000706a00000, 0x0000000706a00000|100%| O|  |TAMS 0x0000000706800000| PB 0x0000000706800000| Untracked 
|  15|0x0000000706a00000, 0x0000000706c00000, 0x0000000706c00000|100%| O|  |TAMS 0x0000000706a00000| PB 0x0000000706a00000| Untracked 
|  16|0x0000000706c00000, 0x0000000706e00000, 0x0000000706e00000|100%| O|  |TAMS 0x0000000706c00000| PB 0x0000000706c00000| Untracked 
|  17|0x0000000706e00000, 0x0000000707000000, 0x0000000707000000|100%| O|  |TAMS 0x0000000706e00000| PB 0x0000000706e00000| Untracked 
|  18|0x0000000707000000, 0x0000000707200000, 0x0000000707200000|100%| O|  |TAMS 0x0000000707000000| PB 0x0000000707000000| Untracked 
|  19|0x0000000707200000, 0x0000000707400000, 0x0000000707400000|100%| O|  |TAMS 0x0000000707200000| PB 0x0000000707200000| Untracked 
|  20|0x0000000707400000, 0x0000000707600000, 0x0000000707600000|100%| O|  |TAMS 0x0000000707400000| PB 0x0000000707400000| Untracked 
|  21|0x0000000707600000, 0x0000000707800000, 0x0000000707800000|100%| O|  |TAMS 0x0000000707600000| PB 0x0000000707600000| Untracked 
|  22|0x0000000707800000, 0x0000000707a00000, 0x0000000707a00000|100%| O|  |TAMS 0x0000000707800000| PB 0x0000000707800000| Untracked 
|  23|0x0000000707a00000, 0x0000000707c00000, 0x0000000707c00000|100%| O|  |TAMS 0x0000000707a00000| PB 0x0000000707a00000| Untracked 
|  24|0x0000000707c00000, 0x0000000707e00000, 0x0000000707e00000|100%| O|  |TAMS 0x0000000707c00000| PB 0x0000000707c00000| Untracked 
|  25|0x0000000707e00000, 0x0000000708000000, 0x0000000708000000|100%|HS|  |TAMS 0x0000000707e00000| PB 0x0000000707e00000| Complete 
|  26|0x0000000708000000, 0x0000000708200000, 0x0000000708200000|100%| O|  |TAMS 0x0000000708000000| PB 0x0000000708000000| Untracked 
|  27|0x0000000708200000, 0x0000000708400000, 0x0000000708400000|100%| O|  |TAMS 0x0000000708200000| PB 0x0000000708200000| Untracked 
|  28|0x0000000708400000, 0x0000000708600000, 0x0000000708600000|100%| O|  |TAMS 0x0000000708400000| PB 0x0000000708400000| Untracked 
|  29|0x0000000708600000, 0x0000000708800000, 0x0000000708800000|100%| O|Cm|TAMS 0x0000000708600000| PB 0x0000000708600000| Complete 
|  30|0x0000000708800000, 0x0000000708a00000, 0x0000000708a00000|100%| O|  |TAMS 0x0000000708800000| PB 0x0000000708800000| Untracked 
|  31|0x0000000708a00000, 0x0000000708c00000, 0x0000000708c00000|100%| O|  |TAMS 0x0000000708a00000| PB 0x0000000708a00000| Untracked 
|  32|0x0000000708c00000, 0x0000000708e00000, 0x0000000708e00000|100%| O|  |TAMS 0x0000000708c00000| PB 0x0000000708c00000| Untracked 
|  33|0x0000000708e00000, 0x0000000709000000, 0x0000000709000000|100%| O|  |TAMS 0x0000000708e00000| PB 0x0000000708e00000| Untracked 
|  34|0x0000000709000000, 0x0000000709200000, 0x0000000709200000|100%| O|  |TAMS 0x0000000709000000| PB 0x0000000709000000| Untracked 
|  35|0x0000000709200000, 0x0000000709400000, 0x0000000709400000|100%| O|  |TAMS 0x0000000709200000| PB 0x0000000709200000| Untracked 
|  36|0x0000000709400000, 0x0000000709600000, 0x0000000709600000|100%| O|  |TAMS 0x0000000709400000| PB 0x0000000709400000| Untracked 
|  37|0x0000000709600000, 0x0000000709800000, 0x0000000709800000|100%| O|  |TAMS 0x0000000709600000| PB 0x0000000709600000| Untracked 
|  38|0x0000000709800000, 0x0000000709a00000, 0x0000000709a00000|100%| O|Cm|TAMS 0x0000000709800000| PB 0x0000000709800000| Complete 
|  39|0x0000000709a00000, 0x0000000709c00000, 0x0000000709c00000|100%| O|  |TAMS 0x0000000709a00000| PB 0x0000000709a00000| Untracked 
|  40|0x0000000709c00000, 0x0000000709e00000, 0x0000000709e00000|100%| O|  |TAMS 0x0000000709c00000| PB 0x0000000709c00000| Untracked 
|  41|0x0000000709e00000, 0x000000070a000000, 0x000000070a000000|100%| O|  |TAMS 0x0000000709e00000| PB 0x0000000709e00000| Untracked 
|  42|0x000000070a000000, 0x000000070a200000, 0x000000070a200000|100%| O|  |TAMS 0x000000070a000000| PB 0x000000070a000000| Untracked 
|  43|0x000000070a200000, 0x000000070a400000, 0x000000070a400000|100%| O|  |TAMS 0x000000070a200000| PB 0x000000070a200000| Untracked 
|  44|0x000000070a400000, 0x000000070a600000, 0x000000070a600000|100%| O|  |TAMS 0x000000070a400000| PB 0x000000070a400000| Untracked 
|  45|0x000000070a600000, 0x000000070a800000, 0x000000070a800000|100%| O|  |TAMS 0x000000070a600000| PB 0x000000070a600000| Untracked 
|  46|0x000000070a800000, 0x000000070aa00000, 0x000000070aa00000|100%| O|Cm|TAMS 0x000000070a800000| PB 0x000000070a800000| Complete 
|  47|0x000000070aa00000, 0x000000070aa00000, 0x000000070ac00000|  0%| F|  |TAMS 0x000000070aa00000| PB 0x000000070aa00000| Untracked 
|  48|0x000000070ac00000, 0x000000070ae00000, 0x000000070ae00000|100%| O|  |TAMS 0x000000070ac00000| PB 0x000000070ac00000| Untracked 
|  49|0x000000070ae00000, 0x000000070b000000, 0x000000070b000000|100%| O|  |TAMS 0x000000070ae00000| PB 0x000000070ae00000| Untracked 
|  50|0x000000070b000000, 0x000000070b0f7430, 0x000000070b200000| 48%| O|  |TAMS 0x000000070b000000| PB 0x000000070b000000| Untracked 
|  51|0x000000070b200000, 0x000000070b400000, 0x000000070b400000|100%| O|  |TAMS 0x000000070b200000| PB 0x000000070b200000| Untracked 
|  52|0x000000070b400000, 0x000000070b400000, 0x000000070b600000|  0%| F|  |TAMS 0x000000070b400000| PB 0x000000070b400000| Untracked 
|  53|0x000000070b600000, 0x000000070b600000, 0x000000070b800000|  0%| F|  |TAMS 0x000000070b600000| PB 0x000000070b600000| Untracked 
|  54|0x000000070b800000, 0x000000070ba00000, 0x000000070ba00000|100%| O|  |TAMS 0x000000070b800000| PB 0x000000070b800000| Untracked 
|  55|0x000000070ba00000, 0x000000070bc00000, 0x000000070bc00000|100%| O|  |TAMS 0x000000070ba00000| PB 0x000000070ba00000| Untracked 
|  56|0x000000070bc00000, 0x000000070be00000, 0x000000070be00000|100%| O|  |TAMS 0x000000070bc00000| PB 0x000000070bc00000| Untracked 
|  57|0x000000070be00000, 0x000000070be00000, 0x000000070c000000|  0%| F|  |TAMS 0x000000070be00000| PB 0x000000070be00000| Untracked 
|  58|0x000000070c000000, 0x000000070c000000, 0x000000070c200000|  0%| F|  |TAMS 0x000000070c000000| PB 0x000000070c000000| Untracked 
|  59|0x000000070c200000, 0x000000070c200000, 0x000000070c400000|  0%| F|  |TAMS 0x000000070c200000| PB 0x000000070c200000| Untracked 
|  60|0x000000070c400000, 0x000000070c400000, 0x000000070c600000|  0%| F|  |TAMS 0x000000070c400000| PB 0x000000070c400000| Untracked 
|  61|0x000000070c600000, 0x000000070c600000, 0x000000070c800000|  0%| F|  |TAMS 0x000000070c600000| PB 0x000000070c600000| Untracked 
|  62|0x000000070c800000, 0x000000070c800000, 0x000000070ca00000|  0%| F|  |TAMS 0x000000070c800000| PB 0x000000070c800000| Untracked 
|  63|0x000000070ca00000, 0x000000070ca00000, 0x000000070cc00000|  0%| F|  |TAMS 0x000000070ca00000| PB 0x000000070ca00000| Untracked 
|  64|0x000000070cc00000, 0x000000070cc00000, 0x000000070ce00000|  0%| F|  |TAMS 0x000000070cc00000| PB 0x000000070cc00000| Untracked 
|  65|0x000000070ce00000, 0x000000070ce00000, 0x000000070d000000|  0%| F|  |TAMS 0x000000070ce00000| PB 0x000000070ce00000| Untracked 
|  66|0x000000070d000000, 0x000000070d000000, 0x000000070d200000|  0%| F|  |TAMS 0x000000070d000000| PB 0x000000070d000000| Untracked 
|  67|0x000000070d200000, 0x000000070d200000, 0x000000070d400000|  0%| F|  |TAMS 0x000000070d200000| PB 0x000000070d200000| Untracked 
|  68|0x000000070d400000, 0x000000070d400000, 0x000000070d600000|  0%| F|  |TAMS 0x000000070d400000| PB 0x000000070d400000| Untracked 
|  69|0x000000070d600000, 0x000000070d600000, 0x000000070d800000|  0%| F|  |TAMS 0x000000070d600000| PB 0x000000070d600000| Untracked 
|  70|0x000000070d800000, 0x000000070d800000, 0x000000070da00000|  0%| F|  |TAMS 0x000000070d800000| PB 0x000000070d800000| Untracked 
|  71|0x000000070da00000, 0x000000070da00000, 0x000000070dc00000|  0%| F|  |TAMS 0x000000070da00000| PB 0x000000070da00000| Untracked 
|  72|0x000000070dc00000, 0x000000070dc00000, 0x000000070de00000|  0%| F|  |TAMS 0x000000070dc00000| PB 0x000000070dc00000| Untracked 
|  73|0x000000070de00000, 0x000000070def2670, 0x000000070e000000| 47%| S|CS|TAMS 0x000000070de00000| PB 0x000000070de00000| Complete 
|  74|0x000000070e000000, 0x000000070e000000, 0x000000070e200000|  0%| F|  |TAMS 0x000000070e000000| PB 0x000000070e000000| Untracked 
|  75|0x000000070e200000, 0x000000070e400000, 0x000000070e400000|100%| S|CS|TAMS 0x000000070e200000| PB 0x000000070e200000| Complete 
|  76|0x000000070e400000, 0x000000070e600000, 0x000000070e600000|100%| S|CS|TAMS 0x000000070e400000| PB 0x000000070e400000| Complete 
|  77|0x000000070e600000, 0x000000070e800000, 0x000000070e800000|100%| S|CS|TAMS 0x000000070e600000| PB 0x000000070e600000| Complete 
|  78|0x000000070e800000, 0x000000070ea00000, 0x000000070ea00000|100%| S|CS|TAMS 0x000000070e800000| PB 0x000000070e800000| Complete 
|  79|0x000000070ea00000, 0x000000070ec00000, 0x000000070ec00000|100%| S|CS|TAMS 0x000000070ea00000| PB 0x000000070ea00000| Complete 
|  80|0x000000070ec00000, 0x000000070ee00000, 0x000000070ee00000|100%| S|CS|TAMS 0x000000070ec00000| PB 0x000000070ec00000| Complete 
|  81|0x000000070ee00000, 0x000000070ee00000, 0x000000070f000000|  0%| F|  |TAMS 0x000000070ee00000| PB 0x000000070ee00000| Untracked 
|  82|0x000000070f000000, 0x000000070f000000, 0x000000070f200000|  0%| F|  |TAMS 0x000000070f000000| PB 0x000000070f000000| Untracked 
|  83|0x000000070f200000, 0x000000070f200000, 0x000000070f400000|  0%| F|  |TAMS 0x000000070f200000| PB 0x000000070f200000| Untracked 
|  84|0x000000070f400000, 0x000000070f400000, 0x000000070f600000|  0%| F|  |TAMS 0x000000070f400000| PB 0x000000070f400000| Untracked 
|  85|0x000000070f600000, 0x000000070f600000, 0x000000070f800000|  0%| F|  |TAMS 0x000000070f600000| PB 0x000000070f600000| Untracked 
|  86|0x000000070f800000, 0x000000070f800000, 0x000000070fa00000|  0%| F|  |TAMS 0x000000070f800000| PB 0x000000070f800000| Untracked 
|  87|0x000000070fa00000, 0x000000070fa00000, 0x000000070fc00000|  0%| F|  |TAMS 0x000000070fa00000| PB 0x000000070fa00000| Untracked 
|  88|0x000000070fc00000, 0x000000070fc00000, 0x000000070fe00000|  0%| F|  |TAMS 0x000000070fc00000| PB 0x000000070fc00000| Untracked 
|  89|0x000000070fe00000, 0x000000070fe00000, 0x0000000710000000|  0%| F|  |TAMS 0x000000070fe00000| PB 0x000000070fe00000| Untracked 
|  90|0x0000000710000000, 0x0000000710000000, 0x0000000710200000|  0%| F|  |TAMS 0x0000000710000000| PB 0x0000000710000000| Untracked 
|  91|0x0000000710200000, 0x0000000710200000, 0x0000000710400000|  0%| F|  |TAMS 0x0000000710200000| PB 0x0000000710200000| Untracked 
|  92|0x0000000710400000, 0x0000000710400000, 0x0000000710600000|  0%| F|  |TAMS 0x0000000710400000| PB 0x0000000710400000| Untracked 
|  93|0x0000000710600000, 0x0000000710600000, 0x0000000710800000|  0%| F|  |TAMS 0x0000000710600000| PB 0x0000000710600000| Untracked 
|  94|0x0000000710800000, 0x0000000710800000, 0x0000000710a00000|  0%| F|  |TAMS 0x0000000710800000| PB 0x0000000710800000| Untracked 
|  95|0x0000000710a00000, 0x0000000710b1c460, 0x0000000710c00000| 55%| E|  |TAMS 0x0000000710a00000| PB 0x0000000710a00000| Complete 
|  96|0x0000000710c00000, 0x0000000710e00000, 0x0000000710e00000|100%| E|CS|TAMS 0x0000000710c00000| PB 0x0000000710c00000| Complete 
|  97|0x0000000710e00000, 0x0000000711000000, 0x0000000711000000|100%| E|CS|TAMS 0x0000000710e00000| PB 0x0000000710e00000| Complete 
|  98|0x0000000711000000, 0x0000000711200000, 0x0000000711200000|100%| E|CS|TAMS 0x0000000711000000| PB 0x0000000711000000| Complete 
|  99|0x0000000711200000, 0x0000000711400000, 0x0000000711400000|100%| E|CS|TAMS 0x0000000711200000| PB 0x0000000711200000| Complete 
| 100|0x0000000711400000, 0x0000000711600000, 0x0000000711600000|100%| E|CS|TAMS 0x0000000711400000| PB 0x0000000711400000| Complete 
| 101|0x0000000711600000, 0x0000000711800000, 0x0000000711800000|100%| E|CS|TAMS 0x0000000711600000| PB 0x0000000711600000| Complete 
| 102|0x0000000711800000, 0x0000000711a00000, 0x0000000711a00000|100%| E|CS|TAMS 0x0000000711800000| PB 0x0000000711800000| Complete 
| 103|0x0000000711a00000, 0x0000000711c00000, 0x0000000711c00000|100%| E|CS|TAMS 0x0000000711a00000| PB 0x0000000711a00000| Complete 
| 104|0x0000000711c00000, 0x0000000711e00000, 0x0000000711e00000|100%| E|CS|TAMS 0x0000000711c00000| PB 0x0000000711c00000| Complete 
| 105|0x0000000711e00000, 0x0000000712000000, 0x0000000712000000|100%| E|CS|TAMS 0x0000000711e00000| PB 0x0000000711e00000| Complete 
| 106|0x0000000712000000, 0x0000000712200000, 0x0000000712200000|100%| E|CS|TAMS 0x0000000712000000| PB 0x0000000712000000| Complete 
| 107|0x0000000712200000, 0x0000000712400000, 0x0000000712400000|100%| E|CS|TAMS 0x0000000712200000| PB 0x0000000712200000| Complete 
| 108|0x0000000712400000, 0x0000000712600000, 0x0000000712600000|100%| E|CS|TAMS 0x0000000712400000| PB 0x0000000712400000| Complete 
| 109|0x0000000712600000, 0x0000000712800000, 0x0000000712800000|100%| E|CS|TAMS 0x0000000712600000| PB 0x0000000712600000| Complete 
| 110|0x0000000712800000, 0x0000000712a00000, 0x0000000712a00000|100%| E|CS|TAMS 0x0000000712800000| PB 0x0000000712800000| Complete 
| 111|0x0000000712a00000, 0x0000000712c00000, 0x0000000712c00000|100%| E|CS|TAMS 0x0000000712a00000| PB 0x0000000712a00000| Complete 
| 112|0x0000000712c00000, 0x0000000712e00000, 0x0000000712e00000|100%| E|CS|TAMS 0x0000000712c00000| PB 0x0000000712c00000| Complete 
| 113|0x0000000712e00000, 0x0000000713000000, 0x0000000713000000|100%| E|CS|TAMS 0x0000000712e00000| PB 0x0000000712e00000| Complete 
| 114|0x0000000713000000, 0x0000000713200000, 0x0000000713200000|100%| E|CS|TAMS 0x0000000713000000| PB 0x0000000713000000| Complete 
| 115|0x0000000713200000, 0x0000000713400000, 0x0000000713400000|100%| E|CS|TAMS 0x0000000713200000| PB 0x0000000713200000| Complete 
| 116|0x0000000713400000, 0x0000000713600000, 0x0000000713600000|100%| E|CS|TAMS 0x0000000713400000| PB 0x0000000713400000| Complete 
| 117|0x0000000713600000, 0x0000000713800000, 0x0000000713800000|100%| E|CS|TAMS 0x0000000713600000| PB 0x0000000713600000| Complete 
| 118|0x0000000713800000, 0x0000000713a00000, 0x0000000713a00000|100%| E|CS|TAMS 0x0000000713800000| PB 0x0000000713800000| Complete 
| 119|0x0000000713a00000, 0x0000000713c00000, 0x0000000713c00000|100%| E|CS|TAMS 0x0000000713a00000| PB 0x0000000713a00000| Complete 
| 120|0x0000000713c00000, 0x0000000713e00000, 0x0000000713e00000|100%| E|CS|TAMS 0x0000000713c00000| PB 0x0000000713c00000| Complete 
| 121|0x0000000713e00000, 0x0000000714000000, 0x0000000714000000|100%| E|CS|TAMS 0x0000000713e00000| PB 0x0000000713e00000| Complete 
| 122|0x0000000714000000, 0x0000000714200000, 0x0000000714200000|100%| E|CS|TAMS 0x0000000714000000| PB 0x0000000714000000| Complete 
| 123|0x0000000714200000, 0x0000000714400000, 0x0000000714400000|100%| E|CS|TAMS 0x0000000714200000| PB 0x0000000714200000| Complete 
| 124|0x0000000714400000, 0x0000000714600000, 0x0000000714600000|100%| E|CS|TAMS 0x0000000714400000| PB 0x0000000714400000| Complete 
| 125|0x0000000714600000, 0x0000000714800000, 0x0000000714800000|100%| E|CS|TAMS 0x0000000714600000| PB 0x0000000714600000| Complete 
| 126|0x0000000714800000, 0x0000000714a00000, 0x0000000714a00000|100%| E|CS|TAMS 0x0000000714800000| PB 0x0000000714800000| Complete 
| 127|0x0000000714a00000, 0x0000000714c00000, 0x0000000714c00000|100%| E|CS|TAMS 0x0000000714a00000| PB 0x0000000714a00000| Complete 
| 128|0x0000000714c00000, 0x0000000714e00000, 0x0000000714e00000|100%| E|CS|TAMS 0x0000000714c00000| PB 0x0000000714c00000| Complete 
| 129|0x0000000714e00000, 0x0000000715000000, 0x0000000715000000|100%| E|CS|TAMS 0x0000000714e00000| PB 0x0000000714e00000| Complete 
| 130|0x0000000715000000, 0x0000000715200000, 0x0000000715200000|100%| E|CS|TAMS 0x0000000715000000| PB 0x0000000715000000| Complete 
| 131|0x0000000715200000, 0x0000000715400000, 0x0000000715400000|100%| E|CS|TAMS 0x0000000715200000| PB 0x0000000715200000| Complete 
| 132|0x0000000715400000, 0x0000000715600000, 0x0000000715600000|100%| E|CS|TAMS 0x0000000715400000| PB 0x0000000715400000| Complete 
| 133|0x0000000715600000, 0x0000000715800000, 0x0000000715800000|100%| E|CS|TAMS 0x0000000715600000| PB 0x0000000715600000| Complete 
| 134|0x0000000715800000, 0x0000000715a00000, 0x0000000715a00000|100%| E|CS|TAMS 0x0000000715800000| PB 0x0000000715800000| Complete 
| 135|0x0000000715a00000, 0x0000000715c00000, 0x0000000715c00000|100%| E|CS|TAMS 0x0000000715a00000| PB 0x0000000715a00000| Complete 
| 136|0x0000000715c00000, 0x0000000715e00000, 0x0000000715e00000|100%| E|CS|TAMS 0x0000000715c00000| PB 0x0000000715c00000| Complete 
| 137|0x0000000715e00000, 0x0000000716000000, 0x0000000716000000|100%| E|CS|TAMS 0x0000000715e00000| PB 0x0000000715e00000| Complete 
| 138|0x0000000716000000, 0x0000000716200000, 0x0000000716200000|100%| E|CS|TAMS 0x0000000716000000| PB 0x0000000716000000| Complete 
| 139|0x0000000716200000, 0x0000000716400000, 0x0000000716400000|100%| E|CS|TAMS 0x0000000716200000| PB 0x0000000716200000| Complete 
| 140|0x0000000716400000, 0x0000000716600000, 0x0000000716600000|100%| E|CS|TAMS 0x0000000716400000| PB 0x0000000716400000| Complete 
| 141|0x0000000716600000, 0x0000000716800000, 0x0000000716800000|100%| E|CS|TAMS 0x0000000716600000| PB 0x0000000716600000| Complete 
| 142|0x0000000716800000, 0x0000000716a00000, 0x0000000716a00000|100%| E|CS|TAMS 0x0000000716800000| PB 0x0000000716800000| Complete 
| 143|0x0000000716a00000, 0x0000000716c00000, 0x0000000716c00000|100%| E|CS|TAMS 0x0000000716a00000| PB 0x0000000716a00000| Complete 
| 144|0x0000000716c00000, 0x0000000716e00000, 0x0000000716e00000|100%| E|CS|TAMS 0x0000000716c00000| PB 0x0000000716c00000| Complete 
| 145|0x0000000716e00000, 0x0000000717000000, 0x0000000717000000|100%| E|CS|TAMS 0x0000000716e00000| PB 0x0000000716e00000| Complete 
| 146|0x0000000717000000, 0x0000000717200000, 0x0000000717200000|100%| E|CS|TAMS 0x0000000717000000| PB 0x0000000717000000| Complete 
| 147|0x0000000717200000, 0x0000000717400000, 0x0000000717400000|100%| E|CS|TAMS 0x0000000717200000| PB 0x0000000717200000| Complete 
| 148|0x0000000717400000, 0x0000000717600000, 0x0000000717600000|100%| E|CS|TAMS 0x0000000717400000| PB 0x0000000717400000| Complete 
| 149|0x0000000717600000, 0x0000000717800000, 0x0000000717800000|100%| E|CS|TAMS 0x0000000717600000| PB 0x0000000717600000| Complete 
| 150|0x0000000717800000, 0x0000000717a00000, 0x0000000717a00000|100%| E|CS|TAMS 0x0000000717800000| PB 0x0000000717800000| Complete 
| 151|0x0000000717a00000, 0x0000000717c00000, 0x0000000717c00000|100%| E|CS|TAMS 0x0000000717a00000| PB 0x0000000717a00000| Complete 
| 152|0x0000000717c00000, 0x0000000717e00000, 0x0000000717e00000|100%| E|CS|TAMS 0x0000000717c00000| PB 0x0000000717c00000| Complete 
| 153|0x0000000717e00000, 0x0000000718000000, 0x0000000718000000|100%| E|CS|TAMS 0x0000000717e00000| PB 0x0000000717e00000| Complete 
| 154|0x0000000718000000, 0x0000000718200000, 0x0000000718200000|100%| E|CS|TAMS 0x0000000718000000| PB 0x0000000718000000| Complete 
| 155|0x0000000718200000, 0x0000000718400000, 0x0000000718400000|100%| E|CS|TAMS 0x0000000718200000| PB 0x0000000718200000| Complete 
| 156|0x0000000718400000, 0x0000000718600000, 0x0000000718600000|100%| E|CS|TAMS 0x0000000718400000| PB 0x0000000718400000| Complete 
| 157|0x0000000718600000, 0x0000000718800000, 0x0000000718800000|100%| E|CS|TAMS 0x0000000718600000| PB 0x0000000718600000| Complete 
| 158|0x0000000718800000, 0x0000000718a00000, 0x0000000718a00000|100%| E|CS|TAMS 0x0000000718800000| PB 0x0000000718800000| Complete 
| 159|0x0000000718a00000, 0x0000000718c00000, 0x0000000718c00000|100%| E|CS|TAMS 0x0000000718a00000| PB 0x0000000718a00000| Complete 
| 160|0x0000000718c00000, 0x0000000718e00000, 0x0000000718e00000|100%| E|CS|TAMS 0x0000000718c00000| PB 0x0000000718c00000| Complete 
| 161|0x0000000718e00000, 0x0000000719000000, 0x0000000719000000|100%| E|CS|TAMS 0x0000000718e00000| PB 0x0000000718e00000| Complete 
| 162|0x0000000719000000, 0x0000000719200000, 0x0000000719200000|100%| E|CS|TAMS 0x0000000719000000| PB 0x0000000719000000| Complete 
| 163|0x0000000719200000, 0x0000000719400000, 0x0000000719400000|100%| E|CS|TAMS 0x0000000719200000| PB 0x0000000719200000| Complete 
| 164|0x0000000719400000, 0x0000000719600000, 0x0000000719600000|100%| E|CS|TAMS 0x0000000719400000| PB 0x0000000719400000| Complete 
| 165|0x0000000719600000, 0x0000000719800000, 0x0000000719800000|100%| E|CS|TAMS 0x0000000719600000| PB 0x0000000719600000| Complete 
| 166|0x0000000719800000, 0x0000000719a00000, 0x0000000719a00000|100%| E|CS|TAMS 0x0000000719800000| PB 0x0000000719800000| Complete 
| 167|0x0000000719a00000, 0x0000000719c00000, 0x0000000719c00000|100%| E|CS|TAMS 0x0000000719a00000| PB 0x0000000719a00000| Complete 
| 168|0x0000000719c00000, 0x0000000719e00000, 0x0000000719e00000|100%| E|CS|TAMS 0x0000000719c00000| PB 0x0000000719c00000| Complete 
| 169|0x0000000719e00000, 0x000000071a000000, 0x000000071a000000|100%| E|CS|TAMS 0x0000000719e00000| PB 0x0000000719e00000| Complete 
| 170|0x000000071a000000, 0x000000071a200000, 0x000000071a200000|100%| E|CS|TAMS 0x000000071a000000| PB 0x000000071a000000| Complete 
| 171|0x000000071a200000, 0x000000071a400000, 0x000000071a400000|100%| E|CS|TAMS 0x000000071a200000| PB 0x000000071a200000| Complete 
| 172|0x000000071a400000, 0x000000071a600000, 0x000000071a600000|100%| E|CS|TAMS 0x000000071a400000| PB 0x000000071a400000| Complete 
| 173|0x000000071a600000, 0x000000071a800000, 0x000000071a800000|100%| E|CS|TAMS 0x000000071a600000| PB 0x000000071a600000| Complete 
| 174|0x000000071a800000, 0x000000071aa00000, 0x000000071aa00000|100%| E|CS|TAMS 0x000000071a800000| PB 0x000000071a800000| Complete 
| 175|0x000000071aa00000, 0x000000071ac00000, 0x000000071ac00000|100%| E|CS|TAMS 0x000000071aa00000| PB 0x000000071aa00000| Complete 
| 176|0x000000071ac00000, 0x000000071ae00000, 0x000000071ae00000|100%| E|CS|TAMS 0x000000071ac00000| PB 0x000000071ac00000| Complete 
| 177|0x000000071ae00000, 0x000000071b000000, 0x000000071b000000|100%| E|CS|TAMS 0x000000071ae00000| PB 0x000000071ae00000| Complete 
| 178|0x000000071b000000, 0x000000071b200000, 0x000000071b200000|100%| E|CS|TAMS 0x000000071b000000| PB 0x000000071b000000| Complete 
| 179|0x000000071b200000, 0x000000071b400000, 0x000000071b400000|100%| E|CS|TAMS 0x000000071b200000| PB 0x000000071b200000| Complete 
| 180|0x000000071b400000, 0x000000071b600000, 0x000000071b600000|100%| E|CS|TAMS 0x000000071b400000| PB 0x000000071b400000| Complete 
| 181|0x000000071b600000, 0x000000071b800000, 0x000000071b800000|100%| E|CS|TAMS 0x000000071b600000| PB 0x000000071b600000| Complete 
| 182|0x000000071b800000, 0x000000071ba00000, 0x000000071ba00000|100%| E|CS|TAMS 0x000000071b800000| PB 0x000000071b800000| Complete 
| 473|0x000000073fe00000, 0x0000000740000000, 0x0000000740000000|100%| E|CS|TAMS 0x000000073fe00000| PB 0x000000073fe00000| Complete 

Card table byte_map: [0x00000246a7700000,0x00000246a7ee0000] _byte_map_base: 0x00000246a3eda000

Marking Bits: (CMBitMap*) 0x000002468b38d620
 Bits: [0x00000246a7ee0000, 0x00000246abdb0000)

Polling page: 0x000002468b200000

Metaspace:

Usage:
  Non-class:     73.44 MB used.
      Class:     10.68 MB used.
       Both:     84.11 MB used.

Virtual space:
  Non-class space:      128.00 MB reserved,      73.81 MB ( 58%) committed,  2 nodes.
      Class space:        1.00 GB reserved,      10.94 MB (  1%) committed,  1 nodes.
             Both:        1.12 GB reserved,      84.75 MB (  7%) committed. 

Chunk freelists:
   Non-Class:  6.05 MB
       Class:  5.00 MB
        Both:  11.05 MB

MaxMetaspaceSize: unlimited
CompressedClassSpaceSize: 1.00 GB
Initial GC threshold: 21.00 MB
Current GC threshold: 141.06 MB
CDS: off
 - commit_granule_bytes: 65536.
 - commit_granule_words: 8192.
 - virtual_space_node_default_size: 8388608.
 - enlarge_chunks_in_place: 1.
 - use_allocation_guard: 0.


Internal statistics:

num_allocs_failed_limit: 18.
num_arena_births: 1352.
num_arena_deaths: 408.
num_vsnodes_births: 3.
num_vsnodes_deaths: 0.
num_space_committed: 1352.
num_space_uncommitted: 0.
num_chunks_returned_to_freelist: 542.
num_chunks_taken_from_freelist: 4361.
num_chunk_merges: 139.
num_chunk_splits: 2682.
num_chunks_enlarged: 1892.
num_inconsistent_stats: 0.

CodeHeap 'non-profiled nmethods': size=119168Kb used=16620Kb max_used=19104Kb free=102547Kb
 bounds [0x000002469e8d0000, 0x000002469fb80000, 0x00000246a5d30000]
CodeHeap 'profiled nmethods': size=119104Kb used=21091Kb max_used=37636Kb free=98012Kb
 bounds [0x0000024696d30000, 0x0000024699200000, 0x000002469e180000]
CodeHeap 'non-nmethods': size=7488Kb used=2268Kb max_used=4023Kb free=5219Kb
 bounds [0x000002469e180000, 0x000002469e580000, 0x000002469e8d0000]
 total_blobs=12018 nmethods=10835 adapters=1085
 compilation: enabled
              stopped_count=0, restarted_count=0
 full_count=0

Compilation events (20 events):
Event: 109368.079 Thread 0x00000246af1b4200 nmethod 40041 0x000002469f9d2d10 code [0x000002469f9d2fa0, 0x000002469f9d42f0]
Event: 109368.081 Thread 0x00000246af1b4200 40042       4       java.util.stream.ReferencePipeline$7::opWrapSink (10 bytes)
Event: 109368.082 Thread 0x00000246af1b4200 nmethod 40042 0x000002469f00a490 code [0x000002469f00a620, 0x000002469f00a820]
Event: 109368.088 Thread 0x00000246b4a81850 nmethod 40030 0x000002469faf4910 code [0x000002469faf4da0, 0x000002469faf8188]
Event: 109368.100 Thread 0x00000246b4a81850 40043       4       javafx.scene.control.TextInputControl$StyleableProperties$1::isSettable (9 bytes)
Event: 109368.101 Thread 0x00000246b4a81850 nmethod 40043 0x000002469f13ca10 code [0x000002469f13cba0, 0x000002469f13ccf8]
Event: 109368.110 Thread 0x00000246b4a83a60 nmethod 40040 0x000002469e9e4310 code [0x000002469e9e48c0, 0x000002469e9e8558]
Event: 109370.794 Thread 0x00000246b4a83a60 40044       4       com.sun.javafx.event.EventDispatchChainImpl::ensureCapacity (89 bytes)
Event: 109370.794 Thread 0x00000246af1b4ca0 40045       3       javafx.concurrent.Task::buildEventDispatchChain (13 bytes)
Event: 109370.794 Thread 0x00000246af1b4200 40047       4       javafx.concurrent.EventHelper::getInternalEventDispatcher (27 bytes)
Event: 109370.795 Thread 0x00000246b4a81850 40048       4       com.sun.javafx.event.EventDispatchChainImpl::append (77 bytes)
Event: 109370.795 Thread 0x00000246af1b4ca0 nmethod 40045 0x0000024696d95710 code [0x0000024696d959a0, 0x0000024696d96780]
Event: 109370.795 Thread 0x00000246af1b4ca0 40046       3       javafx.concurrent.EventHelper::buildEventDispatchChain (22 bytes)
Event: 109370.795 Thread 0x00000246af1b4ca0 nmethod 40046 0x00000246973c3490 code [0x00000246973c36a0, 0x00000246973c3d80]
Event: 109370.797 Thread 0x00000246af1b4200 nmethod 40047 0x000002469ee8cf90 code [0x000002469ee8d120, 0x000002469ee8d430]
Event: 109370.799 Thread 0x00000246b4a83a60 nmethod 40044 0x000002469efbc890 code [0x000002469efbca60, 0x000002469efbd168]
Event: 109370.801 Thread 0x00000246b4a81850 nmethod 40048 0x000002469f5eea90 code [0x000002469f5eec80, 0x000002469f5ef630]
Event: 109370.990 Thread 0x00000246af1b4200 40049       4       javafx.beans.property.IntegerPropertyBase::addListener (14 bytes)
Event: 109370.998 Thread 0x00000246af1b4200 nmethod 40049 0x000002469f4a7410 code [0x000002469f4a7600, 0x000002469f4a7d78]
Event: 109372.402 Thread 0x00000246af1b4200 40050       4       javafx.scene.control.skin.VirtualFlow::scrollPixels (602 bytes)

GC Heap History (20 events):
Event: 108336.882 GC heap before
{Heap before GC invocations=128 (full 0):
 garbage-first heap   total 376832K, used 334119K [0x0000000704c00000, 0x0000000800000000)
  region size 2048K, 110 young (225280K), 8 survivors (16384K)
 Metaspace       used 85820K, committed 86464K, reserved 1179648K
  class space    used 10927K, committed 11200K, reserved 1048576K
}
Event: 108336.890 GC heap after
{Heap after GC invocations=129 (full 0):
 garbage-first heap   total 376832K, used 124161K [0x0000000704c00000, 0x0000000800000000)
  region size 2048K, 7 young (14336K), 7 survivors (14336K)
 Metaspace       used 85820K, committed 86464K, reserved 1179648K
  class space    used 10927K, committed 11200K, reserved 1048576K
}
Event: 108414.163 GC heap before
{Heap before GC invocations=129 (full 0):
 garbage-first heap   total 376832K, used 333057K [0x0000000704c00000, 0x0000000800000000)
  region size 2048K, 110 young (225280K), 7 survivors (14336K)
 Metaspace       used 85837K, committed 86464K, reserved 1179648K
  class space    used 10927K, committed 11200K, reserved 1048576K
}
Event: 108414.175 GC heap after
{Heap after GC invocations=130 (full 0):
 garbage-first heap   total 376832K, used 121709K [0x0000000704c00000, 0x0000000800000000)
  region size 2048K, 7 young (14336K), 7 survivors (14336K)
 Metaspace       used 85837K, committed 86464K, reserved 1179648K
  class space    used 10927K, committed 11200K, reserved 1048576K
}
Event: 108492.267 GC heap before
{Heap before GC invocations=130 (full 0):
 garbage-first heap   total 376832K, used 330605K [0x0000000704c00000, 0x0000000800000000)
  region size 2048K, 110 young (225280K), 7 survivors (14336K)
 Metaspace       used 85875K, committed 86528K, reserved 1179648K
  class space    used 10927K, committed 11200K, reserved 1048576K
}
Event: 108492.277 GC heap after
{Heap after GC invocations=131 (full 0):
 garbage-first heap   total 376832K, used 120325K [0x0000000704c00000, 0x0000000800000000)
  region size 2048K, 6 young (12288K), 6 survivors (12288K)
 Metaspace       used 85875K, committed 86528K, reserved 1179648K
  class space    used 10927K, committed 11200K, reserved 1048576K
}
Event: 108623.937 GC heap before
{Heap before GC invocations=132 (full 0):
 garbage-first heap   total 376832K, used 333317K [0x0000000704c00000, 0x0000000800000000)
  region size 2048K, 110 young (225280K), 6 survivors (12288K)
 Metaspace       used 85946K, committed 86592K, reserved 1179648K
  class space    used 10928K, committed 11200K, reserved 1048576K
}
Event: 108623.946 GC heap after
{Heap after GC invocations=133 (full 0):
 garbage-first heap   total 376832K, used 126612K [0x0000000704c00000, 0x0000000800000000)
  region size 2048K, 9 young (18432K), 9 survivors (18432K)
 Metaspace       used 85946K, committed 86592K, reserved 1179648K
  class space    used 10928K, committed 11200K, reserved 1048576K
}
Event: 108652.779 GC heap before
{Heap before GC invocations=133 (full 0):
 garbage-first heap   total 376832K, used 333460K [0x0000000704c00000, 0x0000000800000000)
  region size 2048K, 110 young (225280K), 9 survivors (18432K)
 Metaspace       used 85992K, committed 86592K, reserved 1179648K
  class space    used 10928K, committed 11200K, reserved 1048576K
}
Event: 108652.789 GC heap after
{Heap after GC invocations=134 (full 0):
 garbage-first heap   total 376832K, used 124276K [0x0000000704c00000, 0x0000000800000000)
  region size 2048K, 8 young (16384K), 8 survivors (16384K)
 Metaspace       used 85992K, committed 86592K, reserved 1179648K
  class space    used 10928K, committed 11200K, reserved 1048576K
}
Event: 108675.603 GC heap before
{Heap before GC invocations=134 (full 0):
 garbage-first heap   total 376832K, used 333172K [0x0000000704c00000, 0x0000000800000000)
  region size 2048K, 110 young (225280K), 8 survivors (16384K)
 Metaspace       used 86011K, committed 86656K, reserved 1179648K
  class space    used 10928K, committed 11200K, reserved 1048576K
}
Event: 108675.609 GC heap after
{Heap after GC invocations=135 (full 0):
 garbage-first heap   total 376832K, used 122197K [0x0000000704c00000, 0x0000000800000000)
  region size 2048K, 7 young (14336K), 7 survivors (14336K)
 Metaspace       used 86011K, committed 86656K, reserved 1179648K
  class space    used 10928K, committed 11200K, reserved 1048576K
}
Event: 108854.931 GC heap before
{Heap before GC invocations=136 (full 0):
 garbage-first heap   total 376832K, used 333141K [0x0000000704c00000, 0x0000000800000000)
  region size 2048K, 110 young (225280K), 7 survivors (14336K)
 Metaspace       used 86034K, committed 86656K, reserved 1179648K
  class space    used 10930K, committed 11200K, reserved 1048576K
}
Event: 108854.940 GC heap after
{Heap after GC invocations=137 (full 0):
 garbage-first heap   total 376832K, used 126407K [0x0000000704c00000, 0x0000000800000000)
  region size 2048K, 9 young (18432K), 9 survivors (18432K)
 Metaspace       used 86034K, committed 86656K, reserved 1179648K
  class space    used 10930K, committed 11200K, reserved 1048576K
}
Event: 109012.633 GC heap before
{Heap before GC invocations=137 (full 0):
 garbage-first heap   total 376832K, used 333255K [0x0000000704c00000, 0x0000000800000000)
  region size 2048K, 110 young (225280K), 9 survivors (18432K)
 Metaspace       used 86062K, committed 86656K, reserved 1179648K
  class space    used 10931K, committed 11200K, reserved 1048576K
}
Event: 109012.643 GC heap after
{Heap after GC invocations=138 (full 0):
 garbage-first heap   total 376832K, used 122400K [0x0000000704c00000, 0x0000000800000000)
  region size 2048K, 7 young (14336K), 7 survivors (14336K)
 Metaspace       used 86062K, committed 86656K, reserved 1179648K
  class space    used 10931K, committed 11200K, reserved 1048576K
}
Event: 109018.081 GC heap before
{Heap before GC invocations=138 (full 0):
 garbage-first heap   total 376832K, used 333344K [0x0000000704c00000, 0x0000000800000000)
  region size 2048K, 110 young (225280K), 7 survivors (14336K)
 Metaspace       used 86063K, committed 86656K, reserved 1179648K
  class space    used 10931K, committed 11200K, reserved 1048576K
}
Event: 109018.088 GC heap after
{Heap after GC invocations=139 (full 0):
 garbage-first heap   total 376832K, used 123249K [0x0000000704c00000, 0x0000000800000000)
  region size 2048K, 7 young (14336K), 7 survivors (14336K)
 Metaspace       used 86063K, committed 86656K, reserved 1179648K
  class space    used 10931K, committed 11200K, reserved 1048576K
}
Event: 109347.096 GC heap before
{Heap before GC invocations=140 (full 0):
 garbage-first heap   total 376832K, used 334193K [0x0000000704c00000, 0x0000000800000000)
  region size 2048K, 110 young (225280K), 7 survivors (14336K)
 Metaspace       used 86098K, committed 86656K, reserved 1179648K
  class space    used 10933K, committed 11200K, reserved 1048576K
}
Event: 109347.108 GC heap after
{Heap after GC invocations=141 (full 0):
 garbage-first heap   total 376832K, used 122790K [0x0000000704c00000, 0x0000000800000000)
  region size 2048K, 7 young (14336K), 7 survivors (14336K)
 Metaspace       used 86098K, committed 86656K, reserved 1179648K
  class space    used 10933K, committed 11200K, reserved 1048576K
}

Dll operation events (20 events):
Event: 2.651 Loaded shared library C:\Users\ellio\.openjfx\cache\22.0.1+7\amd64\api-ms-win-crt-multibyte-l1-1-0.dll
Event: 2.654 Loaded shared library C:\Users\ellio\.openjfx\cache\22.0.1+7\amd64\api-ms-win-crt-private-l1-1-0.dll
Event: 2.656 Loaded shared library C:\Users\ellio\.openjfx\cache\22.0.1+7\amd64\api-ms-win-crt-process-l1-1-0.dll
Event: 2.658 Loaded shared library C:\Users\ellio\.openjfx\cache\22.0.1+7\amd64\api-ms-win-crt-runtime-l1-1-0.dll
Event: 2.660 Loaded shared library C:\Users\ellio\.openjfx\cache\22.0.1+7\amd64\api-ms-win-crt-stdio-l1-1-0.dll
Event: 2.662 Loaded shared library C:\Users\ellio\.openjfx\cache\22.0.1+7\amd64\api-ms-win-crt-string-l1-1-0.dll
Event: 2.663 Loaded shared library C:\Users\ellio\.openjfx\cache\22.0.1+7\amd64\api-ms-win-crt-time-l1-1-0.dll
Event: 2.666 Loaded shared library C:\Users\ellio\.openjfx\cache\22.0.1+7\amd64\api-ms-win-crt-utility-l1-1-0.dll
Event: 2.686 Loaded shared library C:\Users\ellio\.openjfx\cache\22.0.1+7\amd64\ucrtbase.dll
Event: 2.690 Loaded shared library C:\Users\ellio\.openjfx\cache\22.0.1+7\amd64\vcruntime140.dll
Event: 2.693 Loaded shared library C:\Users\ellio\.openjfx\cache\22.0.1+7\amd64\vcruntime140_1.dll
Event: 2.702 Loaded shared library C:\Users\ellio\.openjfx\cache\22.0.1+7\amd64\msvcp140.dll
Event: 2.705 Loaded shared library C:\Users\ellio\.openjfx\cache\22.0.1+7\amd64\msvcp140_1.dll
Event: 2.712 Loaded shared library C:\Users\ellio\.openjfx\cache\22.0.1+7\amd64\msvcp140_2.dll
Event: 2.788 Loaded shared library C:\Users\ellio\.openjfx\cache\22.0.1+7\amd64\prism_d3d.dll
Event: 2.913 Loaded shared library C:\Users\ellio\.openjfx\cache\22.0.1+7\amd64\glass.dll
Event: 3.067 Loaded shared library C:\Program Files\JabRef\runtime\bin\awt.dll
Event: 3.694 Loaded shared library C:\Users\ellio\.openjfx\cache\22.0.1+7\amd64\javafx_font.dll
Event: 9.735 Loaded shared library C:\Users\ellio\.openjfx\cache\22.0.1+7\amd64\jfxwebkit.dll
Event: 107799.035 Loaded shared library C:\Program Files\JabRef\runtime\bin\sunmscapi.dll

Deoptimization events (20 events):
Event: 109356.291 Thread 0x00000246b5ca92d0 Uncommon trap: trap_request=0xffffffde fr.pc=0x000002469f06552c relative=0x000000000000062c
Event: 109356.291 Thread 0x00000246b5ca92d0 Uncommon trap: reason=class_check action=maybe_recompile pc=0x000002469f06552c method=com.sun.javafx.fxml.BeanAdapter.coerce(Ljava/lang/Object;Ljava/lang/Class;)Ljava/lang/Object; @ 53 c2
Event: 109356.291 Thread 0x00000246b5ca92d0 DEOPT PACKING pc=0x000002469f06552c sp=0x00000066f0bfd3f0
Event: 109356.291 Thread 0x00000246b5ca92d0 DEOPT UNPACKING pc=0x000002469e1d46a2 sp=0x00000066f0bfd380 mode 2
Event: 109356.309 Thread 0x00000246b5ca92d0 Uncommon trap: trap_request=0xffffffbe fr.pc=0x000002469f8608a4 relative=0x0000000000001024
Event: 109356.309 Thread 0x00000246b5ca92d0 Uncommon trap: reason=profile_predicate action=maybe_recompile pc=0x000002469f8608a4 method=javafx.scene.control.skin.VirtualFlow.recalculateAndImproveEstimatedSize(IID)V @ 120 c2
Event: 109356.309 Thread 0x00000246b5ca92d0 DEOPT PACKING pc=0x000002469f8608a4 sp=0x00000066f0bfd3d0
Event: 109356.310 Thread 0x00000246b5ca92d0 DEOPT UNPACKING pc=0x000002469e1d46a2 sp=0x00000066f0bfd360 mode 2
Event: 109356.335 Thread 0x00000246b5ca92d0 Uncommon trap: trap_request=0xffffff6e fr.pc=0x000002469f21e5d8 relative=0x0000000000000c18
Event: 109356.335 Thread 0x00000246b5ca92d0 Uncommon trap: reason=loop_limit_check action=maybe_recompile pc=0x000002469f21e5d8 method=com.sun.javafx.iio.common.SmoothMinifier.putSourceScanline([BI)Z @ 290 c2
Event: 109356.335 Thread 0x00000246b5ca92d0 DEOPT PACKING pc=0x000002469f21e5d8 sp=0x00000066f0bfd630
Event: 109356.335 Thread 0x00000246b5ca92d0 DEOPT UNPACKING pc=0x000002469e1d46a2 sp=0x00000066f0bfd5b0 mode 2
Event: 109359.884 Thread 0x00000246b5ca92d0 Uncommon trap: trap_request=0xffffff45 fr.pc=0x000002469f9177c8 relative=0x0000000000001708
Event: 109359.884 Thread 0x00000246b5ca92d0 Uncommon trap: reason=unstable_if action=reinterpret pc=0x000002469f9177c8 method=javafx.concurrent.EventHelper.buildEventDispatchChain(Ljavafx/event/EventDispatchChain;)Ljavafx/event/EventDispatchChain; @ 4 c2
Event: 109359.884 Thread 0x00000246b5ca92d0 DEOPT PACKING pc=0x000002469f9177c8 sp=0x00000066f0bfbe00
Event: 109359.884 Thread 0x00000246b5ca92d0 DEOPT UNPACKING pc=0x000002469e1d46a2 sp=0x00000066f0bfbd78 mode 2
Event: 109368.023 Thread 0x00000246b5ca92d0 Uncommon trap: trap_request=0xffffff45 fr.pc=0x000002469e93e2d0 relative=0x00000000000000b0
Event: 109368.023 Thread 0x00000246b5ca92d0 Uncommon trap: reason=unstable_if action=reinterpret pc=0x000002469e93e2d0 method=javafx.scene.control.IndexRange.equals(Ljava/lang/Object;)Z @ 38 c2
Event: 109368.023 Thread 0x00000246b5ca92d0 DEOPT PACKING pc=0x000002469e93e2d0 sp=0x00000066f0bfc690
Event: 109368.023 Thread 0x00000246b5ca92d0 DEOPT UNPACKING pc=0x000002469e1d46a2 sp=0x00000066f0bfc620 mode 2

Classes loaded (20 events):
Event: 107959.507 Loading class sun/security/ssl/SSLEngineOutputRecord$HandshakeFragment
Event: 107959.509 Loading class sun/security/ssl/SSLEngineOutputRecord$HandshakeFragment done
Event: 107959.509 Loading class sun/security/ssl/SSLEngineOutputRecord$HandshakeMemo
Event: 107959.510 Loading class sun/security/ssl/SSLEngineOutputRecord$RecordMemo
Event: 107959.510 Loading class sun/security/ssl/SSLEngineOutputRecord$RecordMemo done
Event: 107959.510 Loading class sun/security/ssl/SSLEngineOutputRecord$HandshakeMemo done
Event: 107959.536 Loading class sun/security/ssl/PreSharedKeyExtension$SHPreSharedKeySpec
Event: 107959.536 Loading class sun/security/ssl/PreSharedKeyExtension$SHPreSharedKeySpec done
Event: 109149.912 Loading class sun/awt/Win32GraphicsEnvironment
Event: 109149.915 Loading class sun/java2d/SunGraphicsEnvironment
Event: 109149.918 Loading class sun/java2d/SunGraphicsEnvironment done
Event: 109149.918 Loading class sun/awt/Win32GraphicsEnvironment done
Event: 109149.919 Loading class sun/java2d/windows/WindowsFlags
Event: 109149.920 Loading class sun/java2d/windows/WindowsFlags done
Event: 109149.920 Loading class sun/java2d/windows/WindowsFlags$1
Event: 109149.921 Loading class sun/java2d/windows/WindowsFlags$1 done
Event: 109149.926 Loading class sun/java2d/WindowsSurfaceManagerFactory
Event: 109149.926 Loading class sun/java2d/SurfaceManagerFactory
Event: 109149.926 Loading class sun/java2d/SurfaceManagerFactory done
Event: 109149.926 Loading class sun/java2d/WindowsSurfaceManagerFactory done

Classes unloaded (20 events):
Event: 20611.549 Thread 0x00000246ae921a40 Unloading class 0x0000000800a3d400 'java/lang/invoke/LambdaForm$DMH+0x0000000800a3d400'
Event: 20611.550 Thread 0x00000246ae921a40 Unloading class 0x0000000800a3bc00 'java/lang/invoke/LambdaForm$MH+0x0000000800a3bc00'
Event: 20611.550 Thread 0x00000246ae921a40 Unloading class 0x0000000800a3b800 'java/lang/invoke/LambdaForm$MH+0x0000000800a3b800'
Event: 20611.550 Thread 0x00000246ae921a40 Unloading class 0x0000000800a3b400 'java/lang/invoke/LambdaForm$MH+0x0000000800a3b400'
Event: 20611.550 Thread 0x00000246ae921a40 Unloading class 0x0000000800a3b000 'java/lang/invoke/LambdaForm$MH+0x0000000800a3b000'
Event: 20611.550 Thread 0x00000246ae921a40 Unloading class 0x0000000800a3ac00 'java/lang/invoke/LambdaForm$MH+0x0000000800a3ac00'
Event: 20611.550 Thread 0x00000246ae921a40 Unloading class 0x0000000800a39c00 'java/lang/invoke/LambdaForm$MH+0x0000000800a39c00'
Event: 20611.550 Thread 0x00000246ae921a40 Unloading class 0x0000000800a38800 'java/lang/invoke/LambdaForm$MH+0x0000000800a38800'
Event: 20611.550 Thread 0x00000246ae921a40 Unloading class 0x00000008005dc800 'java/lang/invoke/LambdaForm$MH+0x00000008005dc800'
Event: 20611.550 Thread 0x00000246ae921a40 Unloading class 0x00000008003b0400 'java/lang/invoke/LambdaForm$MH+0x00000008003b0400'
Event: 33108.280 Thread 0x00000246ae921a40 Unloading class 0x0000000800a3f400 'java/lang/invoke/LambdaForm$MH+0x0000000800a3f400'
Event: 33108.280 Thread 0x00000246ae921a40 Unloading class 0x0000000800a3f000 'java/lang/invoke/LambdaForm$MH+0x0000000800a3f000'
Event: 33108.280 Thread 0x00000246ae921a40 Unloading class 0x0000000800a3ec00 'java/lang/invoke/LambdaForm$MH+0x0000000800a3ec00'
Event: 33108.280 Thread 0x00000246ae921a40 Unloading class 0x0000000800a3e800 'java/lang/invoke/LambdaForm$DMH+0x0000000800a3e800'
Event: 33108.280 Thread 0x00000246ae921a40 Unloading class 0x000000080050cc00 'java/lang/invoke/LambdaForm$MH+0x000000080050cc00'
Event: 77547.818 Thread 0x00000246ae921a40 Unloading class 0x0000000800a3f800 'java/lang/invoke/LambdaForm$DMH+0x0000000800a3f800'
Event: 92526.582 Thread 0x00000246ae921a40 Unloading class 0x00000008009a2400 'java/lang/invoke/LambdaForm$MH+0x00000008009a2400'
Event: 92526.582 Thread 0x00000246ae921a40 Unloading class 0x00000008009a3c00 'java/lang/invoke/LambdaForm$MH+0x00000008009a3c00'
Event: 92526.582 Thread 0x00000246ae921a40 Unloading class 0x00000008009a9800 'java/lang/invoke/LambdaForm$MH+0x00000008009a9800'
Event: 92526.583 Thread 0x00000246ae921a40 Unloading class 0x00000008009abc00 'java/lang/invoke/LambdaForm$MH+0x00000008009abc00'

Classes redefined (0 events):
No events

Internal exceptions (20 events):
Event: 109005.700 Thread 0x00000246b5ca92d0 Exception <a 'java/io/IOException'{0x0000000714b7ca98}> (0x0000000714b7ca98) 
thrown [s\src\hotspot\share\prims\jni.cpp, line 520]
Event: 109018.374 Thread 0x00000247171d22e0 Exception <a 'sun/nio/fs/WindowsException'{0x000000071b99d390}> (0x000000071b99d390) 
thrown [s\src\hotspot\share\prims\jni.cpp, line 520]
Event: 109037.371 Thread 0x00000247171d22e0 Exception <a 'sun/nio/fs/WindowsException'{0x000000071b99e230}> (0x000000071b99e230) 
thrown [s\src\hotspot\share\prims\jni.cpp, line 520]
Event: 109056.375 Thread 0x00000247171d22e0 Exception <a 'sun/nio/fs/WindowsException'{0x0000000717e09a30}> (0x0000000717e09a30) 
thrown [s\src\hotspot\share\prims\jni.cpp, line 520]
Event: 109075.372 Thread 0x00000247171d22e0 Exception <a 'sun/nio/fs/WindowsException'{0x0000000717c065b0}> (0x0000000717c065b0) 
thrown [s\src\hotspot\share\prims\jni.cpp, line 520]
Event: 109094.366 Thread 0x00000247171d22e0 Exception <a 'sun/nio/fs/WindowsException'{0x0000000717d29968}> (0x0000000717d29968) 
thrown [s\src\hotspot\share\prims\jni.cpp, line 520]
Event: 109113.375 Thread 0x00000246b73270d0 Exception <a 'sun/nio/fs/WindowsException'{0x000000071b99ef68}> (0x000000071b99ef68) 
thrown [s\src\hotspot\share\prims\jni.cpp, line 520]
Event: 109132.377 Thread 0x00000246b73270d0 Exception <a 'sun/nio/fs/WindowsException'{0x000000071b99fbc0}> (0x000000071b99fbc0) 
thrown [s\src\hotspot\share\prims\jni.cpp, line 520]
Event: 109151.375 Thread 0x00000247171d22e0 Exception <a 'sun/nio/fs/WindowsException'{0x0000000717b22c38}> (0x0000000717b22c38) 
thrown [s\src\hotspot\share\prims\jni.cpp, line 520]
Event: 109170.365 Thread 0x00000247171d22e0 Exception <a 'sun/nio/fs/WindowsException'{0x00000007179999b8}> (0x00000007179999b8) 
thrown [s\src\hotspot\share\prims\jni.cpp, line 520]
Event: 109189.365 Thread 0x00000247171d22e0 Exception <a 'sun/nio/fs/WindowsException'{0x00000007177579f0}> (0x00000007177579f0) 
thrown [s\src\hotspot\share\prims\jni.cpp, line 520]
Event: 109208.373 Thread 0x00000247171d22e0 Exception <a 'sun/nio/fs/WindowsException'{0x000000071751cb48}> (0x000000071751cb48) 
thrown [s\src\hotspot\share\prims\jni.cpp, line 520]
Event: 109227.370 Thread 0x00000247171d22e0 Exception <a 'sun/nio/fs/WindowsException'{0x00000007173201e0}> (0x00000007173201e0) 
thrown [s\src\hotspot\share\prims\jni.cpp, line 520]
Event: 109246.364 Thread 0x00000246b73270d0 Exception <a 'sun/nio/fs/WindowsException'{0x000000071795d028}> (0x000000071795d028) 
thrown [s\src\hotspot\share\prims\jni.cpp, line 520]
Event: 109265.365 Thread 0x00000246b73270d0 Exception <a 'sun/nio/fs/WindowsException'{0x0000000716e124c0}> (0x0000000716e124c0) 
thrown [s\src\hotspot\share\prims\jni.cpp, line 520]
Event: 109284.373 Thread 0x00000246b73270d0 Exception <a 'sun/nio/fs/WindowsException'{0x0000000716e13118}> (0x0000000716e13118) 
thrown [s\src\hotspot\share\prims\jni.cpp, line 520]
Event: 109303.368 Thread 0x00000246b73270d0 Exception <a 'sun/nio/fs/WindowsException'{0x0000000716a03e10}> (0x0000000716a03e10) 
thrown [s\src\hotspot\share\prims\jni.cpp, line 520]
Event: 109322.369 Thread 0x00000247171d22e0 Exception <a 'sun/nio/fs/WindowsException'{0x0000000717118bb0}> (0x0000000717118bb0) 
thrown [s\src\hotspot\share\prims\jni.cpp, line 520]
Event: 109341.364 Thread 0x00000247171d22e0 Exception <a 'sun/nio/fs/WindowsException'{0x0000000716922d08}> (0x0000000716922d08) 
thrown [s\src\hotspot\share\prims\jni.cpp, line 520]
Event: 109360.362 Thread 0x00000247171d22e0 Exception <a 'sun/nio/fs/WindowsException'{0x0000000718e1c838}> (0x0000000718e1c838) 
thrown [s\src\hotspot\share\prims\jni.cpp, line 520]

ZGC Phase Switch (0 events):
No events

VM Operations (20 events):
Event: 109345.863 Executing VM operation: RendezvousGCThreads
Event: 109345.863 Executing VM operation: RendezvousGCThreads done
Event: 109347.096 Executing VM operation: G1CollectForAllocation (G1 Evacuation Pause)
Event: 109347.108 Executing VM operation: G1CollectForAllocation (G1 Evacuation Pause) done
Event: 109349.108 Executing VM operation: Cleanup
Event: 109349.108 Executing VM operation: Cleanup done
Event: 109355.113 Executing VM operation: Cleanup
Event: 109355.113 Executing VM operation: Cleanup done
Event: 109357.113 Executing VM operation: Cleanup
Event: 109357.113 Executing VM operation: Cleanup done
Event: 109360.115 Executing VM operation: Cleanup
Event: 109360.115 Executing VM operation: Cleanup done
Event: 109363.116 Executing VM operation: Cleanup
Event: 109363.116 Executing VM operation: Cleanup done
Event: 109366.118 Executing VM operation: Cleanup
Event: 109366.118 Executing VM operation: Cleanup done
Event: 109368.120 Executing VM operation: Cleanup
Event: 109368.120 Executing VM operation: Cleanup done
Event: 109373.121 Executing VM operation: Cleanup
Event: 109373.445 Executing VM operation: Cleanup done

Events (20 events):
Event: 109152.182 Thread 0x000002471d18a360 Thread exited: 0x000002471d18a360
Event: 109169.207 Thread 0x000002471d18a360 Thread added: 0x000002471d18a360
Event: 109170.223 Thread 0x000002471d18a360 Thread exited: 0x000002471d18a360
Event: 109171.914 Thread 0x000002471d18a360 Thread added: 0x000002471d18a360
Event: 109172.928 Thread 0x000002471d18a360 Thread exited: 0x000002471d18a360
Event: 109343.340 Thread 0x00000246b49097d0 Thread added: 0x00000246b49097d0
Event: 109343.340 Thread 0x00000246b49097d0 Thread exited: 0x00000246b49097d0
Event: 109357.175 Thread 0x00000246b4909e60 Thread added: 0x00000246b4909e60
Event: 109357.175 Thread 0x00000246b4909e60 Thread exited: 0x00000246b4909e60
Event: 109367.015 Thread 0x00000246b49117c0 Thread added: 0x00000246b49117c0
Event: 109367.015 Thread 0x00000246b49117c0 Thread exited: 0x00000246b49117c0
Event: 109367.222 Thread 0x00000246b4911130 Thread added: 0x00000246b4911130
Event: 109367.700 Thread 0x00000246b49117c0 Thread added: 0x00000246b49117c0
Event: 109367.700 Thread 0x00000246b49117c0 Thread exited: 0x00000246b49117c0
Event: 109368.039 Thread 0x00000246b4a81850 Thread added: 0x00000246b4a81850
Event: 109368.039 Thread 0x00000246b4a83a60 Thread added: 0x00000246b4a83a60
Event: 109369.941 Thread 0x00000246b490f060 Thread added: 0x00000246b490f060
Event: 109369.941 Thread 0x00000246b490f060 Thread exited: 0x00000246b490f060
Event: 109370.990 Thread 0x00000246b4a83a60 Thread exited: 0x00000246b4a83a60
Event: 109372.402 Thread 0x00000246b4a81850 Thread exited: 0x00000246b4a81850


Dynamic libraries:
0x00007ff7ee860000 - 0x00007ff7ee8ea000 	C:\Program Files\JabRef\JabRef.exe
0x00007ffabb1e0000 - 0x00007ffabb443000 	C:\WINDOWS\SYSTEM32\ntdll.dll
0x00007ffaba840000 - 0x00007ffaba907000 	C:\WINDOWS\System32\KERNEL32.DLL
0x00007ffab8470000 - 0x00007ffab8839000 	C:\WINDOWS\System32\KERNELBASE.dll
0x00007ffab9490000 - 0x00007ffab965a000 	C:\WINDOWS\System32\USER32.dll
0x00007ffab8c70000 - 0x00007ffab8c97000 	C:\WINDOWS\System32\win32u.dll
0x00007ffab9460000 - 0x00007ffab948a000 	C:\WINDOWS\System32\GDI32.dll
0x00007ffab8ec0000 - 0x00007ffab8ff1000 	C:\WINDOWS\System32\gdi32full.dll
0x00007ffab8ca0000 - 0x00007ffab8d43000 	C:\WINDOWS\System32\msvcp_win.dll
0x00007ffab88e0000 - 0x00007ffab8a2c000 	C:\WINDOWS\System32\ucrtbase.dll
0x00007ffab9660000 - 0x00007ffab9d75000 	C:\WINDOWS\System32\SHELL32.dll
0x00007ffab8d50000 - 0x00007ffab8eb8000 	C:\WINDOWS\System32\wintypes.dll
0x00007ffabac70000 - 0x00007ffabaff2000 	C:\WINDOWS\System32\combase.dll
0x00007ffaba720000 - 0x00007ffaba836000 	C:\WINDOWS\System32\RPCRT4.dll
0x00007ffab9280000 - 0x00007ffab92af000 	C:\WINDOWS\System32\IMM32.DLL
0x00007ffabab00000 - 0x00007ffababeb000 	C:\WINDOWS\System32\shcore.dll
0x00007ffa7b150000 - 0x00007ffa7b168000 	C:\Program Files\JabRef\runtime\bin\jli.dll
0x00007ffa9a510000 - 0x00007ffa9a7a0000 	C:\WINDOWS\WinSxS\amd64_microsoft.windows.common-controls_6595b64144ccf1df_6.0.26100.3323_none_3e088096e3344490\COMCTL32.dll
0x00007ffa79c00000 - 0x00007ffa79c1b000 	C:\Program Files\JabRef\runtime\bin\VCRUNTIME140.dll
0x00007ffab9e80000 - 0x00007ffab9f29000 	C:\WINDOWS\System32\msvcrt.dll
0x00007ffab1eb0000 - 0x00007ffab1ebc000 	C:\Program Files\JabRef\runtime\bin\vcruntime140_1.dll
0x00007ffa36ce0000 - 0x00007ffa36d6e000 	C:\Program Files\JabRef\runtime\bin\msvcp140.dll
0x00007ff967b20000 - 0x00007ff9688a3000 	C:\Program Files\JabRef\runtime\bin\server\jvm.dll
0x00007ffab9f90000 - 0x00007ffaba042000 	C:\WINDOWS\System32\ADVAPI32.dll
0x00007ffab90f0000 - 0x00007ffab9196000 	C:\WINDOWS\System32\sechost.dll
0x00007ffabb080000 - 0x00007ffabb0f4000 	C:\WINDOWS\System32\WS2_32.dll
0x00007ffab7040000 - 0x00007ffab708e000 	C:\WINDOWS\SYSTEM32\POWRPROF.dll
0x00007ffaad510000 - 0x00007ffaad546000 	C:\WINDOWS\SYSTEM32\WINMM.dll
0x00007ffaad500000 - 0x00007ffaad50b000 	C:\WINDOWS\SYSTEM32\VERSION.dll
0x00007ffab7020000 - 0x00007ffab7034000 	C:\WINDOWS\SYSTEM32\UMPDC.dll
0x00007ffab72f0000 - 0x00007ffab730a000 	C:\WINDOWS\SYSTEM32\kernel.appcore.dll
0x00007ffaafee0000 - 0x00007ffaafeea000 	C:\Program Files\JabRef\runtime\bin\jimage.dll
0x00007ffab5cb0000 - 0x00007ffab5ef1000 	C:\WINDOWS\SYSTEM32\DBGHELP.DLL
0x00007ffab91a0000 - 0x00007ffab9276000 	C:\WINDOWS\System32\OLEAUT32.dll
0x00007ffa5a5e0000 - 0x00007ffa5a619000 	C:\WINDOWS\SYSTEM32\dbgcore.DLL
0x00007ffab8840000 - 0x00007ffab88d9000 	C:\WINDOWS\System32\bcryptPrimitives.dll
0x00007ffa79480000 - 0x00007ffa7949f000 	C:\Program Files\JabRef\runtime\bin\java.dll
0x00007ffa76e50000 - 0x00007ffa76e68000 	C:\Program Files\JabRef\runtime\bin\zip.dll
0x00007ffab60a0000 - 0x00007ffab68e5000 	C:\WINDOWS\SYSTEM32\windows.storage.dll
0x00007ffaba050000 - 0x00007ffaba0ad000 	C:\WINDOWS\System32\shlwapi.dll
0x00007ffab82f0000 - 0x00007ffab831f000 	C:\WINDOWS\SYSTEM32\profapi.dll
0x00007ffab7ad0000 - 0x00007ffab7aec000 	C:\WINDOWS\SYSTEM32\CRYPTSP.dll
0x00007ffab7250000 - 0x00007ffab728a000 	C:\WINDOWS\system32\rsaenh.dll
0x00007ffab78d0000 - 0x00007ffab78fb000 	C:\WINDOWS\SYSTEM32\USERENV.dll
0x00007ffab7d10000 - 0x00007ffab7d36000 	C:\WINDOWS\SYSTEM32\bcrypt.dll
0x00007ffab7af0000 - 0x00007ffab7afc000 	C:\WINDOWS\SYSTEM32\CRYPTBASE.dll
0x00007ffaade00000 - 0x00007ffaade10000 	C:\Program Files\JabRef\runtime\bin\net.dll
0x00007ffaafc10000 - 0x00007ffaafd2e000 	C:\WINDOWS\SYSTEM32\WINHTTP.dll
0x00007ffab7830000 - 0x00007ffab789a000 	C:\WINDOWS\system32\mswsock.dll
0x00007ffab6c80000 - 0x00007ffab6cb3000 	C:\WINDOWS\SYSTEM32\IPHLPAPI.DLL
0x00007ffab9f30000 - 0x00007ffab9f3a000 	C:\WINDOWS\System32\NSI.dll
0x00007ffa72a50000 - 0x00007ffa72a66000 	C:\Program Files\JabRef\runtime\bin\nio.dll
0x00007ffa3ad70000 - 0x00007ffa3adb5000 	C:\Users\ellio\AppData\Local\Temp\jna-96600203\jna13860463709239794902.dll
0x00007ffabb070000 - 0x00007ffabb078000 	C:\WINDOWS\System32\PSAPI.DLL
0x00007ffab92c0000 - 0x00007ffab9455000 	C:\WINDOWS\System32\Ole32.dll
0x00007ffaadd60000 - 0x00007ffaadd6a000 	C:\Program Files\JabRef\runtime\bin\management.dll
0x00007ffaad1f0000 - 0x00007ffaad1fb000 	C:\Program Files\JabRef\runtime\bin\management_ext.dll
0x00007ffaaac30000 - 0x00007ffaaac39000 	C:\Program Files\JabRef\runtime\bin\prefs.dll
0x00007ffaa73f0000 - 0x00007ffaa73f9000 	C:\Program Files\JabRef\runtime\bin\extnet.dll
0x00007ffab6cc0000 - 0x00007ffab6de5000 	C:\WINDOWS\SYSTEM32\DNSAPI.dll
0x00007ffaaf120000 - 0x00007ffaaf12b000 	C:\Windows\System32\rasadhlp.dll
0x00007ffab09a0000 - 0x00007ffab0a25000 	C:\WINDOWS\System32\fwpuclnt.dll
0x000002468b240000 - 0x000002468b243000 	C:\Users\ellio\.openjfx\cache\22.0.1+7\amd64\api-ms-win-core-console-l1-1-0.dll
0x000002468b250000 - 0x000002468b253000 	C:\Users\ellio\.openjfx\cache\22.0.1+7\amd64\api-ms-win-core-console-l1-2-0.dll
0x000002468b260000 - 0x000002468b263000 	C:\Users\ellio\.openjfx\cache\22.0.1+7\amd64\api-ms-win-core-datetime-l1-1-0.dll
0x000002468b270000 - 0x000002468b273000 	C:\Users\ellio\.openjfx\cache\22.0.1+7\amd64\api-ms-win-core-debug-l1-1-0.dll
0x000002468b280000 - 0x000002468b283000 	C:\Users\ellio\.openjfx\cache\22.0.1+7\amd64\api-ms-win-core-errorhandling-l1-1-0.dll
0x000002468b290000 - 0x000002468b294000 	C:\Users\ellio\.openjfx\cache\22.0.1+7\amd64\api-ms-win-core-file-l1-1-0.dll
0x000002468b2a0000 - 0x000002468b2a3000 	C:\Users\ellio\.openjfx\cache\22.0.1+7\amd64\api-ms-win-core-file-l1-2-0.dll
0x000002468b2b0000 - 0x000002468b2b3000 	C:\Users\ellio\.openjfx\cache\22.0.1+7\amd64\api-ms-win-core-file-l2-1-0.dll
0x000002468b3d0000 - 0x000002468b3d3000 	C:\Users\ellio\.openjfx\cache\22.0.1+7\amd64\api-ms-win-core-handle-l1-1-0.dll
0x000002468b3e0000 - 0x000002468b3e3000 	C:\Users\ellio\.openjfx\cache\22.0.1+7\amd64\api-ms-win-core-heap-l1-1-0.dll
0x000002468b3f0000 - 0x000002468b3f3000 	C:\Users\ellio\.openjfx\cache\22.0.1+7\amd64\api-ms-win-core-interlocked-l1-1-0.dll
0x000002468b400000 - 0x000002468b403000 	C:\Users\ellio\.openjfx\cache\22.0.1+7\amd64\api-ms-win-core-libraryloader-l1-1-0.dll
0x000002468b410000 - 0x000002468b413000 	C:\Users\ellio\.openjfx\cache\22.0.1+7\amd64\api-ms-win-core-localization-l1-2-0.dll
0x000002468b420000 - 0x000002468b423000 	C:\Users\ellio\.openjfx\cache\22.0.1+7\amd64\api-ms-win-core-memory-l1-1-0.dll
0x000002468b430000 - 0x000002468b433000 	C:\Users\ellio\.openjfx\cache\22.0.1+7\amd64\api-ms-win-core-namedpipe-l1-1-0.dll
0x000002468b440000 - 0x000002468b443000 	C:\Users\ellio\.openjfx\cache\22.0.1+7\amd64\api-ms-win-core-processenvironment-l1-1-0.dll
0x000002468b450000 - 0x000002468b453000 	C:\Users\ellio\.openjfx\cache\22.0.1+7\amd64\api-ms-win-core-processthreads-l1-1-0.dll
0x000002468b460000 - 0x000002468b463000 	C:\Users\ellio\.openjfx\cache\22.0.1+7\amd64\api-ms-win-core-processthreads-l1-1-1.dll
0x000002468b470000 - 0x000002468b473000 	C:\Users\ellio\.openjfx\cache\22.0.1+7\amd64\api-ms-win-core-profile-l1-1-0.dll
0x000002468b480000 - 0x000002468b483000 	C:\Users\ellio\.openjfx\cache\22.0.1+7\amd64\api-ms-win-core-rtlsupport-l1-1-0.dll
0x00000246aff70000 - 0x00000246aff73000 	C:\Users\ellio\.openjfx\cache\22.0.1+7\amd64\api-ms-win-core-string-l1-1-0.dll
0x00000246aff80000 - 0x00000246aff83000 	C:\Users\ellio\.openjfx\cache\22.0.1+7\amd64\api-ms-win-core-synch-l1-1-0.dll
0x00000246aff90000 - 0x00000246aff93000 	C:\Users\ellio\.openjfx\cache\22.0.1+7\amd64\api-ms-win-core-synch-l1-2-0.dll
0x00000246affa0000 - 0x00000246affa3000 	C:\Users\ellio\.openjfx\cache\22.0.1+7\amd64\api-ms-win-core-sysinfo-l1-1-0.dll
0x00000246affb0000 - 0x00000246affb3000 	C:\Users\ellio\.openjfx\cache\22.0.1+7\amd64\api-ms-win-core-timezone-l1-1-0.dll
0x00000246affc0000 - 0x00000246affc3000 	C:\Users\ellio\.openjfx\cache\22.0.1+7\amd64\api-ms-win-core-util-l1-1-0.dll
0x00000246affd0000 - 0x00000246affd3000 	C:\Users\ellio\.openjfx\cache\22.0.1+7\amd64\api-ms-win-crt-conio-l1-1-0.dll
0x00000246affe0000 - 0x00000246affe4000 	C:\Users\ellio\.openjfx\cache\22.0.1+7\amd64\api-ms-win-crt-convert-l1-1-0.dll
0x00000246afff0000 - 0x00000246afff3000 	C:\Users\ellio\.openjfx\cache\22.0.1+7\amd64\api-ms-win-crt-environment-l1-1-0.dll
0x00000246b8490000 - 0x00000246b8493000 	C:\Users\ellio\.openjfx\cache\22.0.1+7\amd64\api-ms-win-crt-filesystem-l1-1-0.dll
0x00000246b84a0000 - 0x00000246b84a3000 	C:\Users\ellio\.openjfx\cache\22.0.1+7\amd64\api-ms-win-crt-heap-l1-1-0.dll
0x00000246b84b0000 - 0x00000246b84b3000 	C:\Users\ellio\.openjfx\cache\22.0.1+7\amd64\api-ms-win-crt-locale-l1-1-0.dll
0x00000246b84c0000 - 0x00000246b84c5000 	C:\Users\ellio\.openjfx\cache\22.0.1+7\amd64\api-ms-win-crt-math-l1-1-0.dll
0x00000246b84d0000 - 0x00000246b84d5000 	C:\Users\ellio\.openjfx\cache\22.0.1+7\amd64\api-ms-win-crt-multibyte-l1-1-0.dll
0x00000246b84e0000 - 0x00000246b84f0000 	C:\Users\ellio\.openjfx\cache\22.0.1+7\amd64\api-ms-win-crt-private-l1-1-0.dll
0x00000246b84f0000 - 0x00000246b84f3000 	C:\Users\ellio\.openjfx\cache\22.0.1+7\amd64\api-ms-win-crt-process-l1-1-0.dll
0x00000246b8500000 - 0x00000246b8504000 	C:\Users\ellio\.openjfx\cache\22.0.1+7\amd64\api-ms-win-crt-runtime-l1-1-0.dll
0x00000246b8510000 - 0x00000246b8514000 	C:\Users\ellio\.openjfx\cache\22.0.1+7\amd64\api-ms-win-crt-stdio-l1-1-0.dll
0x00000246b8520000 - 0x00000246b8524000 	C:\Users\ellio\.openjfx\cache\22.0.1+7\amd64\api-ms-win-crt-string-l1-1-0.dll
0x00000246b8530000 - 0x00000246b8533000 	C:\Users\ellio\.openjfx\cache\22.0.1+7\amd64\api-ms-win-crt-time-l1-1-0.dll
0x00000246b8540000 - 0x00000246b8543000 	C:\Users\ellio\.openjfx\cache\22.0.1+7\amd64\api-ms-win-crt-utility-l1-1-0.dll
0x00007ffa23ea0000 - 0x00007ffa23f9c000 	C:\Users\ellio\.openjfx\cache\22.0.1+7\amd64\ucrtbase.dll
0x00007ffa72180000 - 0x00007ffa7219b000 	C:\Users\ellio\.openjfx\cache\22.0.1+7\amd64\vcruntime140.dll
0x00007ffaa71d0000 - 0x00007ffaa71dc000 	C:\Users\ellio\.openjfx\cache\22.0.1+7\amd64\vcruntime140_1.dll
0x00007ffa23e10000 - 0x00007ffa23e9e000 	C:\Users\ellio\.openjfx\cache\22.0.1+7\amd64\msvcp140.dll
0x00007ffaa5c50000 - 0x00007ffaa5c59000 	C:\Users\ellio\.openjfx\cache\22.0.1+7\amd64\msvcp140_1.dll
0x00007ffa39200000 - 0x00007ffa39241000 	C:\Users\ellio\.openjfx\cache\22.0.1+7\amd64\msvcp140_2.dll
0x00007ffa72110000 - 0x00007ffa72140000 	C:\Users\ellio\.openjfx\cache\22.0.1+7\amd64\prism_d3d.dll
0x00007ffa70790000 - 0x00007ffa7093c000 	C:\WINDOWS\system32\d3d9.dll
0x00007ffab2600000 - 0x00007ffab2635000 	C:\WINDOWS\SYSTEM32\dwmapi.dll
0x00007ffab5510000 - 0x00007ffab5557000 	C:\WINDOWS\SYSTEM32\dxcore.dll
0x00007ffab2290000 - 0x00007ffab233e000 	C:\WINDOWS\system32\uxtheme.dll
0x00007ffa92b10000 - 0x00007ffa92bd5000 	C:\WINDOWS\SYSTEM32\d3d9on12.dll
0x00007ffab24a0000 - 0x00007ffab25ce000 	C:\WINDOWS\SYSTEM32\dxgi.dll
0x00007ffa58080000 - 0x00007ffa580a3000 	C:\WINDOWS\SYSTEM32\d3d12.dll
0x00007ffab2440000 - 0x00007ffab249d000 	C:\WINDOWS\SYSTEM32\directxdatabasehelper.dll
0x00007ffab8040000 - 0x00007ffab809f000 	C:\WINDOWS\SYSTEM32\cfgmgr32.dll
0x00007ffa4bba0000 - 0x00007ffa4be13000 	C:\WINDOWS\SYSTEM32\D3D12Core.dll
0x00007ffaa5c60000 - 0x00007ffaa5c83000 	C:\WINDOWS\System32\DriverStore\FileRepository\iigd_dch.inf_amd64_269da44064f4461c\igd12umd64.dll
0x00007ffa37d10000 - 0x00007ffa38739000 	C:\WINDOWS\System32\DriverStore\FileRepository\iigd_dch.inf_amd64_269da44064f4461c\igd12um64xel.dll
0x00007ffab8a30000 - 0x00007ffab8ba7000 	C:\WINDOWS\System32\CRYPT32.dll
0x00007ffa9ad00000 - 0x00007ffa9ad39000 	C:\WINDOWS\SYSTEM32\ControlLib.dll
0x00007ffaba0b0000 - 0x00007ffaba536000 	C:\WINDOWS\System32\SETUPAPI.dll
0x00007ffab80b0000 - 0x00007ffab80dd000 	C:\WINDOWS\SYSTEM32\DEVOBJ.dll
0x00007ffa9a960000 - 0x00007ffa9a9c1000 	C:\WINDOWS\System32\DriverStore\FileRepository\iigd_dch.inf_amd64_269da44064f4461c\IntelControlLib.dll
0x00007ffab83e0000 - 0x00007ffab845f000 	C:\WINDOWS\System32\WINTRUST.dll

dbghelp: loaded successfully - version: 4.0.5 - missing functions: none
symbol engine: initialized successfully - sym options: 0x614 - pdb path: .;C:\Program Files\JabRef;C:\WINDOWS\SYSTEM32;C:\Program Files\JabRef\runtime\bin;C:\WINDOWS\WinSxS\amd64_microsoft.windows.common-controls_6595b64144ccf1df_6.0.26100.3323_none_3e088096e3344490;C:\Program Files\JabRef\runtime\bin\server;C:\Users\ellio\AppData\Local\Temp\jna-96600203;C:\Users\ellio\.openjfx\cache\22.0.1+7\amd64;C:\WINDOWS\System32\DriverStore\FileRepository\iigd_dch.inf_amd64_269da44064f4461c;C:\Program Files\Common Files\Microsoft Shared\Ink;C:\Program Files\Microsoft OneDrive\25.020.0202.0001;C:\WINDOWS\WinSxS\amd64_microsoft.windows.gdiplus_6595b64144ccf1df_1.1.26100.3323_none_6ef3737c3dc6be5e

VM Arguments:
jvm_args: -Djpackage.app-version=5.15.60000 --add-exports=javafx.base/com.sun.javafx.event=org.jabref.merged.module --add-exports=javafx.controls/com.sun.javafx.scene.control=org.jabref.merged.module --add-opens=javafx.graphics/javafx.scene=org.jabref.merged.module --add-opens=javafx.controls/javafx.scene.control=org.jabref.merged.module --add-opens=javafx.controls/com.sun.javafx.scene.control=org.jabref.merged.module --add-opens=javafx.controls/javafx.scene.control.skin=org.jabref.merged.module --add-opens=javafx.controls/javafx.scene.control=org.jabref --add-exports=javafx.base/com.sun.javafx.event=org.jabref --add-exports=javafx.controls/com.sun.javafx.scene.control=org.jabref --add-opens=javafx.graphics/javafx.scene=org.jabref --add-opens=javafx.controls/javafx.scene.control=org.jabref --add-opens=javafx.controls/com.sun.javafx.scene.control=org.jabref -Djpackage.app-path=C:\Program Files\JabRef\JabRef.exe -Djdk.module.main=org.jabref 
java_command: org.jabref/org.jabref.Launcher C:\Users\ellio\OneDrive\Documents\GitHub\VBP-by-GA\bib\VBP-refs.bib
java_class_path (initial): <not set>
Launcher Type: SUN_STANDARD

[Global flags]
     intx CICompilerCount                          = 12                                        {product} {ergonomic}
     uint ConcGCThreads                            = 4                                         {product} {ergonomic}
     uint G1ConcRefinementThreads                  = 15                                        {product} {ergonomic}
   size_t G1HeapRegionSize                         = 2097152                                   {product} {ergonomic}
    uintx GCDrainStackTargetSize                   = 64                                        {product} {ergonomic}
   size_t InitialHeapSize                          = 264241152                                 {product} {ergonomic}
   size_t MarkStackSize                            = 4194304                                   {product} {ergonomic}
   size_t MaxHeapSize                              = 4215275520                                {product} {ergonomic}
   size_t MaxNewSize                               = 2529165312                                {product} {ergonomic}
   size_t MinHeapDeltaBytes                        = 2097152                                   {product} {ergonomic}
   size_t MinHeapSize                              = 8388608                                   {product} {ergonomic}
    uintx NonNMethodCodeHeapSize                   = 7602480                                {pd product} {ergonomic}
    uintx NonProfiledCodeHeapSize                  = 122027880                              {pd product} {ergonomic}
    uintx ProfiledCodeHeapSize                     = 122027880                              {pd product} {ergonomic}
    uintx ReservedCodeCacheSize                    = 251658240                              {pd product} {ergonomic}
     bool SegmentedCodeCache                       = true                                      {product} {ergonomic}
   size_t SoftMaxHeapSize                          = 4215275520                             {manageable} {ergonomic}
     bool UseCompressedOops                        = true                           {product lp64_product} {ergonomic}
     bool UseG1GC                                  = true                                      {product} {ergonomic}
     bool UseLargePagesIndividualAllocation        = false                                  {pd product} {ergonomic}

Logging:
Log output configuration:
 #0: stdout all=warning uptime,level,tags foldmultilines=false
 #1: stderr all=off uptime,level,tags foldmultilines=false

Environment Variables:
JAVA_HOME=C:\Program Files\Eclipse Adoptium\jdk-21.0.1.12-hotspot\bin
PATH=C:\Program Files\IBM\ILOG\CPLEX_Studio2211\opl\bin\x64_win64;C:\Program Files\IBM\ILOG\CPLEX_Studio2211\opl\oplide\;C:\Program Files\IBM\ILOG\CPLEX_Studio2211\cplex\bin\x64_win64;C:\Program Files\IBM\ILOG\CPLEX_Studio2211\cpoptimizer\bin\x64_win64;C:\Program Files (x86)\Common Files\Oracle\Java\java8path;C:\Program Files (x86)\Common Files\Oracle\Java\javapath;C:\gurobi1100\win64\bin;C:\gurobi1003\win64\bin;C:\Program Files\Eclipse Adoptium\jdk-21.0.1.12-hotspot\bin;C:\Windows\system32;C:\Windows;C:\Windows\System32\Wbem;C:\Windows\System32\WindowsPowerShell\v1.0\;C:\Windows\System32\OpenSSH\;C:\Program Files (x86)\NVIDIA Corporation\PhysX\Common;C:\WINDOWS\system32;C:\WINDOWS;C:\WINDOWS\System32\Wbem;C:\WINDOWS\System32\WindowsPowerShell\v1.0\;C:\WINDOWS\System32\OpenSSH\;C:\msys64\mingw64\bin;C:\Strawberry\c\bin;C:\Strawberry\perl\site\bin;C:\Strawberry\perl\bin;C:\Program Files\Git\cmd;C:\Program Files (x86)\Windows Kits\10\Windows Performance Toolkit\;C:\Program Files\CMake\bin;C:\Program Files\dotnet\;C:\Program Files\MATLAB\R2024b\bin;;C:\Program Files\NVIDIA Corporation\NVIDIA app\NvDLISR;C:\Users\ellio\AppData\Local\Programs\Python\Python312\Scripts\;C:\Users\ellio\AppData\Local\Programs\Python\Python312\;C:\Users\ellio\AppData\Local\Programs\Eclipse Adoptium\jdk-17.0.9.9-hotspot\bin;C:\Users\ellio\AppData\Local\Microsoft\WindowsApps;C:\Users\ellio\AppData\Local\Programs\julia-1.10.3\bin;C:\Users\ellio\AppData\Local\Programs\Julia-1.9.3\bin;C:\Users\ellio\AppData\Local\Programs\Microsoft VS Code\bin;C:\Users\ellio\AppData\Local\Programs\MiKTeX\miktex\bin\x64\;C:\Users\ellio\AppData\Local\GitHubDesktop\bin;%USERPROFILE%\AppData\Local\Microsoft\WindowsApps;;C:\Program Files\JabRef\app
USERNAME=ellio
OS=Windows_NT
PROCESSOR_IDENTIFIER=Intel64 Family 6 Model 154 Stepping 3, GenuineIntel
TMP=C:\Users\ellio\AppData\Local\Temp
TEMP=C:\Users\ellio\AppData\Local\Temp




Periodic native trim disabled

---------------  S Y S T E M  ---------------

OS:
 Windows 11 , 64 bit Build 26100 (10.0.26100.3323)
OS uptime: 6 days 9:46 hours
Hyper-V role detected

CPU: total 20 (initial active 20) (10 cores per cpu, 2 threads per core) family 6 model 154 stepping 3 microcode 0x41b, cx8, cmov, fxsr, ht, mmx, 3dnowpref, sse, sse2, sse3, ssse3, sse4.1, sse4.2, popcnt, lzcnt, tsc, tscinvbit, avx, avx2, aes, erms, clmul, bmi1, bmi2, adx, sha, fma, vzeroupper, clflush, clflushopt, clwb, hv, serialize, rdtscp, rdpid, fsrm, f16c, cet_ibt, cet_ss
Processor Information for processor 0
  Max Mhz: 2300, Current Mhz: 1506, Mhz Limit: 2300
Processor Information for processor 1
  Max Mhz: 2300, Current Mhz: 1506, Mhz Limit: 2300
Processor Information for processor 2
  Max Mhz: 2300, Current Mhz: 1506, Mhz Limit: 2300
Processor Information for processor 3
  Max Mhz: 2300, Current Mhz: 1506, Mhz Limit: 2300
Processor Information for processor 4
  Max Mhz: 2300, Current Mhz: 1506, Mhz Limit: 2300
Processor Information for processor 5
  Max Mhz: 2300, Current Mhz: 2300, Mhz Limit: 2300
Processor Information for processor 6
  Max Mhz: 2300, Current Mhz: 2300, Mhz Limit: 2300
Processor Information for processor 7
  Max Mhz: 2300, Current Mhz: 1506, Mhz Limit: 2300
Processor Information for processor 8
  Max Mhz: 2300, Current Mhz: 1506, Mhz Limit: 2300
Processor Information for processor 9
  Max Mhz: 2300, Current Mhz: 2300, Mhz Limit: 2300
Processor Information for processor 10
  Max Mhz: 2300, Current Mhz: 2300, Mhz Limit: 2300
Processor Information for processor 11
  Max Mhz: 2300, Current Mhz: 1506, Mhz Limit: 2300
Processor Information for processor 12
  Max Mhz: 2300, Current Mhz: 1700, Mhz Limit: 1679
Processor Information for processor 13
  Max Mhz: 2300, Current Mhz: 1500, Mhz Limit: 1679
Processor Information for processor 14
  Max Mhz: 2300, Current Mhz: 1500, Mhz Limit: 1679
Processor Information for processor 15
  Max Mhz: 2300, Current Mhz: 1700, Mhz Limit: 1679
Processor Information for processor 16
  Max Mhz: 2300, Current Mhz: 1700, Mhz Limit: 1679
Processor Information for processor 17
  Max Mhz: 2300, Current Mhz: 1500, Mhz Limit: 1679
Processor Information for processor 18
  Max Mhz: 2300, Current Mhz: 1500, Mhz Limit: 1679
Processor Information for processor 19
  Max Mhz: 2300, Current Mhz: 1500, Mhz Limit: 1679

Memory: 4k page, system-wide physical 16074M (2823M free)
TotalPageFile size 65226M (AvailPageFile size 28M)
current process WorkingSet (physical memory assigned to process): 495M, peak: 1426M
current process commit charge ("private bytes"): 1192M, peak: 1460M

vm_info: OpenJDK 64-Bit Server VM (21.0.2+13-LTS) for windows-amd64 JRE (21.0.2+13-LTS), built on 2024-01-16T00:00:00Z by "admin" with unknown MS VC++:1937

END.
